0 verbose cli /usr/local/bin/node /usr/local/bin/npm
1 info using npm@9.8.0
2 info using node@v20.5.0
3 timing npm:load:whichnode Completed in 1ms
4 timing config:load:defaults Completed in 2ms
5 timing config:load:file:/usr/local/lib/node_modules/npm/npmrc Completed in 0ms
6 timing config:load:builtin Completed in 0ms
7 timing config:load:cli Completed in 2ms
8 timing config:load:env Completed in 0ms
9 timing config:load:file:/root/logic/.npmrc Completed in 0ms
10 timing config:load:project Completed in 1ms
11 timing config:load:file:/root/.npmrc Completed in 0ms
12 timing config:load:user Completed in 0ms
13 timing config:load:file:/usr/local/etc/npmrc Completed in 0ms
14 timing config:load:global Completed in 0ms
15 timing config:load:setEnvs Completed in 1ms
16 timing config:load Completed in 7ms
17 timing npm:load:configload Completed in 7ms
18 timing config:load:flatten Completed in 3ms
19 timing npm:load:mkdirpcache Completed in 0ms
20 timing npm:load:mkdirplogs Completed in 0ms
21 verbose title npm i express mongoose
22 verbose argv "i" "express" "mongoose"
23 timing npm:load:setTitle Completed in 1ms
24 timing npm:load:display Completed in 1ms
25 verbose logfile logs-max:10 dir:/root/.npm/_logs/2023-11-17T03_19_50_231Z-
26 verbose logfile /root/.npm/_logs/2023-11-17T03_19_50_231Z-debug-0.log
27 timing npm:load:logFile Completed in 9ms
28 timing npm:load:timers Completed in 0ms
29 timing npm:load:configScope Completed in 0ms
30 timing npm:load Completed in 38ms
31 timing arborist:ctor Completed in 1ms
32 silly logfile done cleaning log files
33 timing idealTree:init Completed in 13ms
34 timing idealTree:userRequests Completed in 3ms
35 silly idealTree buildDeps
36 silly fetch manifest express@*
37 http fetch GET 200 https://registry.npmjs.org/npm 391ms (cache miss)
38 http fetch GET 200 https://registry.npmjs.org/express 423ms (cache miss)
39 silly fetch manifest mongoose@*
40 http fetch GET 200 https://registry.npmjs.org/mongoose 318ms (cache miss)
41 silly placeDep ROOT express@4.18.2 OK for: logic@1.0.0 want: *
42 silly fetch manifest accepts@~1.3.8
43 silly fetch manifest array-flatten@1.1.1
44 silly fetch manifest body-parser@1.20.1
45 silly fetch manifest content-disposition@0.5.4
46 silly fetch manifest content-type@~1.0.4
47 silly fetch manifest cookie@0.5.0
48 silly fetch manifest cookie-signature@1.0.6
49 silly fetch manifest debug@2.6.9
50 silly fetch manifest depd@2.0.0
51 silly fetch manifest encodeurl@~1.0.2
52 silly fetch manifest escape-html@~1.0.3
53 silly fetch manifest etag@~1.8.1
54 silly fetch manifest finalhandler@1.2.0
55 silly fetch manifest fresh@0.5.2
56 silly fetch manifest http-errors@2.0.0
57 silly fetch manifest merge-descriptors@1.0.1
58 silly fetch manifest methods@~1.1.2
59 silly fetch manifest on-finished@2.4.1
60 silly fetch manifest parseurl@~1.3.3
61 silly fetch manifest path-to-regexp@0.1.7
62 silly fetch manifest proxy-addr@~2.0.7
63 silly fetch manifest qs@6.11.0
64 silly fetch manifest range-parser@~1.2.1
65 silly fetch manifest safe-buffer@5.2.1
66 silly fetch manifest send@0.18.0
67 silly fetch manifest serve-static@1.15.0
68 silly fetch manifest setprototypeof@1.2.0
69 silly fetch manifest statuses@2.0.1
70 silly fetch manifest type-is@~1.6.18
71 silly fetch manifest utils-merge@1.0.1
72 silly fetch manifest vary@~1.1.2
73 silly placeDep ROOT mongoose@8.0.1 OK for: logic@1.0.0 want: *
74 silly fetch manifest bson@^6.2.0
75 silly fetch manifest kareem@2.5.1
76 silly fetch manifest mongodb@6.2.0
77 silly fetch manifest mpath@0.9.0
78 silly fetch manifest mquery@5.0.0
79 silly fetch manifest ms@2.1.3
80 silly fetch manifest sift@16.0.1
81 http fetch GET 200 https://registry.npmjs.org/array-flatten 81ms (cache miss)
82 http fetch GET 200 https://registry.npmjs.org/accepts 82ms (cache miss)
83 http fetch GET 200 https://registry.npmjs.org/merge-descriptors 102ms (cache miss)
84 http fetch GET 200 https://registry.npmjs.org/content-disposition 120ms (cache miss)
85 http fetch GET 200 https://registry.npmjs.org/depd 118ms (cache miss)
86 http fetch GET 200 https://registry.npmjs.org/on-finished 236ms (cache miss)
87 http fetch GET 200 https://registry.npmjs.org/methods 240ms (cache miss)
88 http fetch GET 200 https://registry.npmjs.org/encodeurl 247ms (cache miss)
89 http fetch GET 200 https://registry.npmjs.org/content-type 251ms (cache miss)
90 http fetch GET 200 https://registry.npmjs.org/parseurl 245ms (cache miss)
91 http fetch GET 200 https://registry.npmjs.org/etag 251ms (cache miss)
92 http fetch GET 200 https://registry.npmjs.org/cookie-signature 257ms (cache miss)
93 http fetch GET 200 https://registry.npmjs.org/safe-buffer 250ms (cache miss)
94 http fetch GET 200 https://registry.npmjs.org/fresh 258ms (cache miss)
95 http fetch GET 200 https://registry.npmjs.org/range-parser 255ms (cache miss)
96 http fetch GET 200 https://registry.npmjs.org/setprototypeof 251ms (cache miss)
97 http fetch GET 200 https://registry.npmjs.org/utils-merge 251ms (cache miss)
98 http fetch GET 200 https://registry.npmjs.org/finalhandler 265ms (cache miss)
99 http fetch GET 200 https://registry.npmjs.org/http-errors 269ms (cache miss)
100 http fetch GET 200 https://registry.npmjs.org/serve-static 261ms (cache miss)
101 http fetch GET 200 https://registry.npmjs.org/mpath 259ms (cache miss)
102 http fetch GET 200 https://registry.npmjs.org/vary 263ms (cache miss)
103 http fetch GET 200 https://registry.npmjs.org/statuses 266ms (cache miss)
104 http fetch GET 200 https://registry.npmjs.org/ms 261ms (cache miss)
105 http fetch GET 200 https://registry.npmjs.org/proxy-addr 275ms (cache miss)
106 http fetch GET 200 https://registry.npmjs.org/type-is 268ms (cache miss)
107 http fetch GET 200 https://registry.npmjs.org/bson 267ms (cache miss)
108 http fetch GET 200 https://registry.npmjs.org/send 275ms (cache miss)
109 http fetch GET 200 https://registry.npmjs.org/debug 290ms (cache miss)
110 http fetch GET 200 https://registry.npmjs.org/body-parser 295ms (cache miss)
111 http fetch GET 200 https://registry.npmjs.org/kareem 274ms (cache miss)
112 http fetch GET 200 https://registry.npmjs.org/qs 286ms (cache miss)
113 http fetch GET 200 https://registry.npmjs.org/mquery 276ms (cache miss)
114 http fetch GET 200 https://registry.npmjs.org/sift 305ms (cache miss)
115 http fetch GET 200 https://registry.npmjs.org/cookie 426ms (cache miss)
116 http fetch GET 200 https://registry.npmjs.org/path-to-regexp 457ms (cache miss)
117 http fetch GET 200 https://registry.npmjs.org/mongodb 481ms (cache miss)
118 http fetch GET 200 https://registry.npmjs.org/escape-html 548ms (cache miss)
119 timing idealTree:#root Completed in 1351ms
120 silly placeDep ROOT accepts@1.3.8 OK for: express@4.18.2 want: ~1.3.8
121 silly fetch manifest mime-types@~2.1.34
122 silly fetch manifest negotiator@0.6.3
123 silly placeDep ROOT array-flatten@1.1.1 OK for: express@4.18.2 want: 1.1.1
124 silly placeDep ROOT body-parser@1.20.1 OK for: express@4.18.2 want: 1.20.1
125 silly fetch manifest bytes@3.1.2
126 silly fetch manifest destroy@1.2.0
127 silly fetch manifest iconv-lite@0.4.24
128 silly fetch manifest raw-body@2.5.1
129 silly fetch manifest unpipe@1.0.0
130 silly placeDep ROOT content-disposition@0.5.4 OK for: express@4.18.2 want: 0.5.4
131 silly placeDep ROOT content-type@1.0.5 OK for: express@4.18.2 want: ~1.0.4
132 silly placeDep ROOT cookie@0.5.0 OK for: express@4.18.2 want: 0.5.0
133 silly placeDep ROOT cookie-signature@1.0.6 OK for: express@4.18.2 want: 1.0.6
134 silly placeDep ROOT debug@2.6.9 OK for: express@4.18.2 want: 2.6.9
135 silly fetch manifest ms@2.0.0
136 silly placeDep ROOT depd@2.0.0 OK for: express@4.18.2 want: 2.0.0
137 silly placeDep ROOT encodeurl@1.0.2 OK for: express@4.18.2 want: ~1.0.2
138 silly placeDep ROOT escape-html@1.0.3 OK for: express@4.18.2 want: ~1.0.3
139 silly placeDep ROOT etag@1.8.1 OK for: express@4.18.2 want: ~1.8.1
140 silly placeDep ROOT finalhandler@1.2.0 OK for: express@4.18.2 want: 1.2.0
141 silly fetch manifest unpipe@~1.0.0
142 silly placeDep ROOT fresh@0.5.2 OK for: express@4.18.2 want: 0.5.2
143 silly placeDep ROOT http-errors@2.0.0 OK for: express@4.18.2 want: 2.0.0
144 silly fetch manifest inherits@2.0.4
145 silly fetch manifest toidentifier@1.0.1
146 silly placeDep ROOT merge-descriptors@1.0.1 OK for: express@4.18.2 want: 1.0.1
147 silly placeDep ROOT methods@1.1.2 OK for: express@4.18.2 want: ~1.1.2
148 silly placeDep ROOT on-finished@2.4.1 OK for: express@4.18.2 want: 2.4.1
149 silly fetch manifest ee-first@1.1.1
150 silly placeDep ROOT parseurl@1.3.3 OK for: express@4.18.2 want: ~1.3.3
151 silly placeDep ROOT path-to-regexp@0.1.7 OK for: express@4.18.2 want: 0.1.7
152 silly placeDep ROOT proxy-addr@2.0.7 OK for: express@4.18.2 want: ~2.0.7
153 silly fetch manifest forwarded@0.2.0
154 silly fetch manifest ipaddr.js@1.9.1
155 silly placeDep ROOT qs@6.11.0 OK for: express@4.18.2 want: 6.11.0
156 silly fetch manifest side-channel@^1.0.4
157 silly placeDep ROOT range-parser@1.2.1 OK for: express@4.18.2 want: ~1.2.1
158 silly placeDep ROOT safe-buffer@5.2.1 OK for: express@4.18.2 want: 5.2.1
159 silly placeDep ROOT send@0.18.0 OK for: express@4.18.2 want: 0.18.0
160 silly fetch manifest mime@1.6.0
161 silly placeDep ROOT serve-static@1.15.0 OK for: express@4.18.2 want: 1.15.0
162 silly placeDep ROOT setprototypeof@1.2.0 OK for: express@4.18.2 want: 1.2.0
163 silly placeDep ROOT statuses@2.0.1 OK for: express@4.18.2 want: 2.0.1
164 silly placeDep ROOT type-is@1.6.18 OK for: express@4.18.2 want: ~1.6.18
165 silly fetch manifest media-typer@0.3.0
166 silly fetch manifest mime-types@~2.1.24
167 silly placeDep ROOT utils-merge@1.0.1 OK for: express@4.18.2 want: 1.0.1
168 silly placeDep ROOT vary@1.1.2 OK for: express@4.18.2 want: ~1.1.2
169 http fetch GET 200 https://registry.npmjs.org/negotiator 163ms (cache miss)
170 http fetch GET 200 https://registry.npmjs.org/unpipe 159ms (cache miss)
171 http fetch GET 200 https://registry.npmjs.org/toidentifier 148ms (cache miss)
172 http fetch GET 200 https://registry.npmjs.org/unpipe 151ms (cache miss)
173 http fetch GET 200 https://registry.npmjs.org/bytes 165ms (cache miss)
174 http fetch GET 200 https://registry.npmjs.org/inherits 151ms (cache miss)
175 http fetch GET 200 https://registry.npmjs.org/side-channel 141ms (cache miss)
176 http fetch GET 200 https://registry.npmjs.org/mime-types 136ms (cache miss)
177 http fetch GET 200 https://registry.npmjs.org/destroy 167ms (cache miss)
178 http fetch GET 200 https://registry.npmjs.org/forwarded 145ms (cache miss)
179 http fetch GET 200 https://registry.npmjs.org/iconv-lite 166ms (cache miss)
180 http fetch GET 200 https://registry.npmjs.org/media-typer 139ms (cache miss)
181 http fetch GET 200 https://registry.npmjs.org/raw-body 168ms (cache miss)
182 http fetch GET 200 https://registry.npmjs.org/mime 144ms (cache miss)
183 http fetch GET 200 https://registry.npmjs.org/ipaddr.js 148ms (cache miss)
184 http fetch GET 200 https://registry.npmjs.org/mime-types 176ms (cache miss)
185 http fetch GET 200 https://registry.npmjs.org/ee-first 539ms (cache miss)
186 timing idealTree:node_modules/express Completed in 600ms
187 silly placeDep ROOT mime-types@2.1.35 OK for: accepts@1.3.8 want: ~2.1.34
188 silly fetch manifest mime-db@1.52.0
189 silly placeDep ROOT negotiator@0.6.3 OK for: accepts@1.3.8 want: 0.6.3
190 http fetch GET 200 https://registry.npmjs.org/mime-db 72ms (cache miss)
191 timing idealTree:node_modules/accepts Completed in 82ms
192 timing idealTree:node_modules/array-flatten Completed in 0ms
193 silly placeDep ROOT bytes@3.1.2 OK for: body-parser@1.20.1 want: 3.1.2
194 silly placeDep ROOT destroy@1.2.0 OK for: body-parser@1.20.1 want: 1.2.0
195 silly placeDep ROOT iconv-lite@0.4.24 OK for: body-parser@1.20.1 want: 0.4.24
196 silly fetch manifest safer-buffer@>= 2.1.2 < 3
197 silly placeDep ROOT raw-body@2.5.1 OK for: body-parser@1.20.1 want: 2.5.1
198 silly placeDep ROOT unpipe@1.0.0 OK for: body-parser@1.20.1 want: 1.0.0
199 http fetch GET 200 https://registry.npmjs.org/safer-buffer 47ms (cache miss)
200 timing idealTree:node_modules/body-parser Completed in 62ms
201 timing idealTree:node_modules/bytes Completed in 0ms
202 timing idealTree:node_modules/content-disposition Completed in 0ms
203 timing idealTree:node_modules/content-type Completed in 0ms
204 timing idealTree:node_modules/cookie Completed in 0ms
205 timing idealTree:node_modules/cookie-signature Completed in 0ms
206 silly placeDep ROOT ms@2.0.0 OK for: debug@2.6.9 want: 2.0.0
207 timing idealTree:node_modules/debug Completed in 3ms
208 timing idealTree:node_modules/depd Completed in 1ms
209 timing idealTree:node_modules/destroy Completed in 0ms
210 timing idealTree:node_modules/encodeurl Completed in 0ms
211 timing idealTree:node_modules/escape-html Completed in 0ms
212 timing idealTree:node_modules/etag Completed in 0ms
213 timing idealTree:node_modules/finalhandler Completed in 0ms
214 timing idealTree:node_modules/fresh Completed in 0ms
215 silly placeDep ROOT inherits@2.0.4 OK for: http-errors@2.0.0 want: 2.0.4
216 silly placeDep ROOT toidentifier@1.0.1 OK for: http-errors@2.0.0 want: 1.0.1
217 timing idealTree:node_modules/http-errors Completed in 4ms
218 silly placeDep ROOT safer-buffer@2.1.2 OK for: iconv-lite@0.4.24 want: >= 2.1.2 < 3
219 timing idealTree:node_modules/iconv-lite Completed in 3ms
220 timing idealTree:node_modules/inherits Completed in 0ms
221 timing idealTree:node_modules/merge-descriptors Completed in 0ms
222 timing idealTree:node_modules/methods Completed in 0ms
223 silly placeDep ROOT mime-db@1.52.0 OK for: mime-types@2.1.35 want: 1.52.0
224 timing idealTree:node_modules/mime-types Completed in 2ms
225 timing idealTree:node_modules/mime-db Completed in 0ms
226 silly fetch manifest @aws-sdk/credential-providers@^3.188.0
227 http fetch GET 200 https://registry.npmjs.org/@aws-sdk%2fcredential-providers 305ms (cache miss)
228 silly fetch manifest @mongodb-js/zstd@^1.1.0
229 http fetch GET 200 https://registry.npmjs.org/@mongodb-js%2fzstd 243ms (cache miss)
230 silly fetch manifest gcp-metadata@^5.2.0
231 http fetch GET 200 https://registry.npmjs.org/gcp-metadata 51ms (cache miss)
232 silly fetch manifest kerberos@^2.0.1
233 http fetch GET 200 https://registry.npmjs.org/kerberos 67ms (cache miss)
234 silly fetch manifest mongodb-client-encryption@>=6.0.0 <7
235 http fetch GET 200 https://registry.npmjs.org/mongodb-client-encryption 47ms (cache miss)
236 silly fetch manifest snappy@^7.2.2
237 http fetch GET 200 https://registry.npmjs.org/snappy 68ms (cache miss)
238 silly fetch manifest socks@^2.7.1
239 http fetch GET 200 https://registry.npmjs.org/socks 44ms (cache miss)
240 silly placeDep ROOT bson@6.2.0 OK for: mongoose@8.0.1 want: ^6.2.0
241 silly placeDep ROOT kareem@2.5.1 OK for: mongoose@8.0.1 want: 2.5.1
242 silly placeDep ROOT mongodb@6.2.0 OK for: mongoose@8.0.1 want: 6.2.0
243 silly fetch manifest @mongodb-js/saslprep@^1.1.0
244 silly fetch manifest mongodb-connection-string-url@^2.6.0
245 silly placeDep ROOT mpath@0.9.0 OK for: mongoose@8.0.1 want: 0.9.0
246 silly placeDep ROOT mquery@5.0.0 OK for: mongoose@8.0.1 want: 5.0.0
247 silly fetch manifest debug@4.x
248 silly placeDep node_modules/mongoose ms@2.1.3 OK for: mongoose@8.0.1 want: 2.1.3
249 silly placeDep ROOT sift@16.0.1 OK for: mongoose@8.0.1 want: 16.0.1
250 http fetch GET 200 https://registry.npmjs.org/mongodb-connection-string-url 66ms (cache miss)
251 http fetch GET 200 https://registry.npmjs.org/@mongodb-js%2fsaslprep 540ms (cache miss)
252 timing idealTree:node_modules/mongoose Completed in 1426ms
253 timing idealTree:node_modules/bson Completed in 0ms
254 timing idealTree:node_modules/kareem Completed in 0ms
255 silly placeDep ROOT @mongodb-js/saslprep@1.1.1 OK for: mongodb@6.2.0 want: ^1.1.0
256 silly fetch manifest sparse-bitfield@^3.0.3
257 silly placeDep ROOT mongodb-connection-string-url@2.6.0 OK for: mongodb@6.2.0 want: ^2.6.0
258 silly fetch manifest @types/whatwg-url@^8.2.1
259 silly fetch manifest whatwg-url@^11.0.0
260 http fetch GET 200 https://registry.npmjs.org/sparse-bitfield 82ms (cache miss)
261 http fetch GET 200 https://registry.npmjs.org/whatwg-url 71ms (cache miss)
262 http fetch GET 200 https://registry.npmjs.org/@types%2fwhatwg-url 128ms (cache miss)
263 timing idealTree:node_modules/mongodb Completed in 144ms
264 silly placeDep ROOT sparse-bitfield@3.0.3 OK for: @mongodb-js/saslprep@1.1.1 want: ^3.0.3
265 silly fetch manifest memory-pager@^1.0.2
266 http fetch GET 200 https://registry.npmjs.org/memory-pager 80ms (cache miss)
267 timing idealTree:node_modules/@mongodb-js/saslprep Completed in 88ms
268 silly placeDep ROOT @types/whatwg-url@8.2.2 OK for: mongodb-connection-string-url@2.6.0 want: ^8.2.1
269 silly fetch manifest @types/node@*
270 silly fetch manifest @types/webidl-conversions@*
271 silly placeDep ROOT whatwg-url@11.0.0 OK for: mongodb-connection-string-url@2.6.0 want: ^11.0.0
272 silly fetch manifest tr46@^3.0.0
273 silly fetch manifest webidl-conversions@^7.0.0
274 http fetch GET 200 https://registry.npmjs.org/tr46 38ms (cache miss)
275 http fetch GET 200 https://registry.npmjs.org/webidl-conversions 40ms (cache miss)
276 http fetch GET 200 https://registry.npmjs.org/@types%2fnode 506ms (cache miss)
277 http fetch GET 200 https://registry.npmjs.org/@types%2fwebidl-conversions 905ms (cache miss)
278 timing idealTree:node_modules/mongodb-connection-string-url Completed in 914ms
279 silly placeDep ROOT @types/node@20.9.1 OK for: @types/whatwg-url@8.2.2 want: *
280 silly fetch manifest undici-types@~5.26.4
281 silly placeDep ROOT @types/webidl-conversions@7.0.3 OK for: @types/whatwg-url@8.2.2 want: *
282 http fetch GET 200 https://registry.npmjs.org/undici-types 55ms (cache miss)
283 timing idealTree:node_modules/@types/whatwg-url Completed in 64ms
284 silly placeDep ROOT undici-types@5.26.5 OK for: @types/node@20.9.1 want: ~5.26.4
285 timing idealTree:node_modules/@types/node Completed in 3ms
286 timing idealTree:node_modules/@types/webidl-conversions Completed in 0ms
287 timing idealTree:node_modules/mpath Completed in 0ms
288 silly placeDep node_modules/mquery debug@4.3.4 OK for: mquery@5.0.0 want: 4.x
289 silly fetch manifest ms@2.1.2
290 timing idealTree:node_modules/mquery Completed in 6ms
291 timing idealTree:node_modules/ms Completed in 0ms
292 timing idealTree:node_modules/negotiator Completed in 0ms
293 silly placeDep ROOT ee-first@1.1.1 OK for: on-finished@2.4.1 want: 1.1.1
294 timing idealTree:node_modules/on-finished Completed in 3ms
295 timing idealTree:node_modules/ee-first Completed in 0ms
296 timing idealTree:node_modules/parseurl Completed in 0ms
297 timing idealTree:node_modules/path-to-regexp Completed in 0ms
298 silly placeDep ROOT forwarded@0.2.0 OK for: proxy-addr@2.0.7 want: 0.2.0
299 silly placeDep ROOT ipaddr.js@1.9.1 OK for: proxy-addr@2.0.7 want: 1.9.1
300 timing idealTree:node_modules/proxy-addr Completed in 5ms
301 timing idealTree:node_modules/forwarded Completed in 0ms
302 timing idealTree:node_modules/ipaddr.js Completed in 0ms
303 silly placeDep ROOT side-channel@1.0.4 OK for: qs@6.11.0 want: ^1.0.4
304 silly fetch manifest call-bind@^1.0.0
305 silly fetch manifest get-intrinsic@^1.0.2
306 silly fetch manifest object-inspect@^1.9.0
307 http fetch GET 200 https://registry.npmjs.org/get-intrinsic 90ms (cache miss)
308 http fetch GET 200 https://registry.npmjs.org/call-bind 94ms (cache miss)
309 http fetch GET 200 https://registry.npmjs.org/object-inspect 615ms (cache miss)
310 timing idealTree:node_modules/qs Completed in 624ms
311 timing idealTree:node_modules/range-parser Completed in 0ms
312 timing idealTree:node_modules/raw-body Completed in 0ms
313 timing idealTree:node_modules/safe-buffer Completed in 0ms
314 timing idealTree:node_modules/safer-buffer Completed in 0ms
315 silly placeDep ROOT mime@1.6.0 OK for: send@0.18.0 want: 1.6.0
316 silly placeDep node_modules/send ms@2.1.3 OK for: send@0.18.0 want: 2.1.3
317 timing idealTree:node_modules/send Completed in 6ms
318 timing idealTree:node_modules/mime Completed in 0ms
319 timing idealTree:node_modules/serve-static Completed in 0ms
320 timing idealTree:node_modules/setprototypeof Completed in 0ms
321 silly placeDep ROOT call-bind@1.0.5 OK for: side-channel@1.0.4 want: ^1.0.0
322 silly fetch manifest function-bind@^1.1.2
323 silly fetch manifest get-intrinsic@^1.2.1
324 silly fetch manifest set-function-length@^1.1.1
325 silly placeDep ROOT get-intrinsic@1.2.2 OK for: side-channel@1.0.4 want: ^1.0.2
326 silly fetch manifest has-proto@^1.0.1
327 silly fetch manifest has-symbols@^1.0.3
328 silly fetch manifest hasown@^2.0.0
329 silly placeDep ROOT object-inspect@1.13.1 OK for: side-channel@1.0.4 want: ^1.9.0
330 http fetch GET 200 https://registry.npmjs.org/has-proto 53ms (cache miss)
331 http fetch GET 200 https://registry.npmjs.org/hasown 60ms (cache miss)
332 http fetch GET 200 https://registry.npmjs.org/function-bind 78ms (cache miss)
333 http fetch GET 200 https://registry.npmjs.org/set-function-length 174ms (cache miss)
334 http fetch GET 200 https://registry.npmjs.org/has-symbols 209ms (cache miss)
335 timing idealTree:node_modules/side-channel Completed in 225ms
336 silly placeDep ROOT function-bind@1.1.2 OK for: call-bind@1.0.5 want: ^1.1.2
337 silly placeDep ROOT set-function-length@1.1.1 OK for: call-bind@1.0.5 want: ^1.1.1
338 silly fetch manifest define-data-property@^1.1.1
339 silly fetch manifest gopd@^1.0.1
340 silly fetch manifest has-property-descriptors@^1.0.0
341 http fetch GET 200 https://registry.npmjs.org/define-data-property 36ms (cache miss)
342 http fetch GET 200 https://registry.npmjs.org/gopd 36ms (cache miss)
343 http fetch GET 200 https://registry.npmjs.org/has-property-descriptors 54ms (cache miss)
344 timing idealTree:node_modules/call-bind Completed in 69ms
345 timing idealTree:node_modules/function-bind Completed in 0ms
346 silly placeDep ROOT has-proto@1.0.1 OK for: get-intrinsic@1.2.2 want: ^1.0.1
347 silly placeDep ROOT has-symbols@1.0.3 OK for: get-intrinsic@1.2.2 want: ^1.0.3
348 silly placeDep ROOT hasown@2.0.0 OK for: get-intrinsic@1.2.2 want: ^2.0.0
349 timing idealTree:node_modules/get-intrinsic Completed in 2ms
350 timing idealTree:node_modules/has-proto Completed in 0ms
351 timing idealTree:node_modules/has-symbols Completed in 0ms
352 timing idealTree:node_modules/hasown Completed in 0ms
353 timing idealTree:node_modules/object-inspect Completed in 0ms
354 silly placeDep ROOT define-data-property@1.1.1 OK for: set-function-length@1.1.1 want: ^1.1.1
355 silly placeDep ROOT gopd@1.0.1 OK for: set-function-length@1.1.1 want: ^1.0.1
356 silly placeDep ROOT has-property-descriptors@1.0.1 OK for: set-function-length@1.1.1 want: ^1.0.0
357 timing idealTree:node_modules/set-function-length Completed in 3ms
358 timing idealTree:node_modules/define-data-property Completed in 0ms
359 timing idealTree:node_modules/gopd Completed in 0ms
360 timing idealTree:node_modules/has-property-descriptors Completed in 0ms
361 timing idealTree:node_modules/sift Completed in 0ms
362 silly placeDep ROOT memory-pager@1.5.0 OK for: sparse-bitfield@3.0.3 want: ^1.0.2
363 timing idealTree:node_modules/sparse-bitfield Completed in 1ms
364 timing idealTree:node_modules/memory-pager Completed in 0ms
365 timing idealTree:node_modules/statuses Completed in 0ms
366 timing idealTree:node_modules/toidentifier Completed in 0ms
367 silly placeDep ROOT media-typer@0.3.0 OK for: type-is@1.6.18 want: 0.3.0
368 timing idealTree:node_modules/type-is Completed in 1ms
369 timing idealTree:node_modules/media-typer Completed in 0ms
370 timing idealTree:node_modules/undici-types Completed in 0ms
371 timing idealTree:node_modules/unpipe Completed in 0ms
372 timing idealTree:node_modules/utils-merge Completed in 0ms
373 timing idealTree:node_modules/vary Completed in 0ms
374 silly placeDep ROOT tr46@3.0.0 OK for: whatwg-url@11.0.0 want: ^3.0.0
375 silly fetch manifest punycode@^2.1.1
376 silly placeDep ROOT webidl-conversions@7.0.0 OK for: whatwg-url@11.0.0 want: ^7.0.0
377 http fetch GET 200 https://registry.npmjs.org/punycode 86ms (cache miss)
378 timing idealTree:node_modules/whatwg-url Completed in 89ms
379 silly placeDep ROOT punycode@2.3.1 OK for: tr46@3.0.0 want: ^2.1.1
380 timing idealTree:node_modules/tr46 Completed in 3ms
381 timing idealTree:node_modules/punycode Completed in 0ms
382 timing idealTree:node_modules/webidl-conversions Completed in 0ms
383 timing idealTree:node_modules/mongoose/node_modules/ms Completed in 0ms
384 silly placeDep node_modules/mquery ms@2.1.2 OK for: debug@4.3.4 want: 2.1.2
385 timing idealTree:node_modules/mquery/node_modules/debug Completed in 3ms
386 timing idealTree:node_modules/mquery/node_modules/ms Completed in 0ms
387 timing idealTree:node_modules/send/node_modules/ms Completed in 0ms
388 timing idealTree:buildDeps Completed in 5803ms
389 timing idealTree:fixDepFlags Completed in 4ms
390 timing idealTree Completed in 5831ms
391 timing reify:loadTrees Completed in 5832ms
392 timing reify:diffTrees Completed in 5ms
393 silly reify moves {}
394 timing reify:retireShallow Completed in 2ms
395 timing reify:createSparse Completed in 14ms
396 timing reify:loadBundles Completed in 0ms
397 silly audit bulk request {
397 silly audit   express: [ '4.18.2' ],
397 silly audit   mongoose: [ '8.0.1' ],
397 silly audit   accepts: [ '1.3.8' ],
397 silly audit   'array-flatten': [ '1.1.1' ],
397 silly audit   'body-parser': [ '1.20.1' ],
397 silly audit   'content-disposition': [ '0.5.4' ],
397 silly audit   'content-type': [ '1.0.5' ],
397 silly audit   cookie: [ '0.5.0' ],
397 silly audit   'cookie-signature': [ '1.0.6' ],
397 silly audit   debug: [ '2.6.9', '4.3.4' ],
397 silly audit   depd: [ '2.0.0' ],
397 silly audit   encodeurl: [ '1.0.2' ],
397 silly audit   'escape-html': [ '1.0.3' ],
397 silly audit   etag: [ '1.8.1' ],
397 silly audit   finalhandler: [ '1.2.0' ],
397 silly audit   fresh: [ '0.5.2' ],
397 silly audit   'http-errors': [ '2.0.0' ],
397 silly audit   'merge-descriptors': [ '1.0.1' ],
397 silly audit   methods: [ '1.1.2' ],
397 silly audit   'on-finished': [ '2.4.1' ],
397 silly audit   parseurl: [ '1.3.3' ],
397 silly audit   'path-to-regexp': [ '0.1.7' ],
397 silly audit   'proxy-addr': [ '2.0.7' ],
397 silly audit   qs: [ '6.11.0' ],
397 silly audit   'range-parser': [ '1.2.1' ],
397 silly audit   'safe-buffer': [ '5.2.1' ],
397 silly audit   send: [ '0.18.0' ],
397 silly audit   'serve-static': [ '1.15.0' ],
397 silly audit   setprototypeof: [ '1.2.0' ],
397 silly audit   statuses: [ '2.0.1' ],
397 silly audit   'type-is': [ '1.6.18' ],
397 silly audit   'utils-merge': [ '1.0.1' ],
397 silly audit   vary: [ '1.1.2' ],
397 silly audit   'mime-types': [ '2.1.35' ],
397 silly audit   negotiator: [ '0.6.3' ],
397 silly audit   bytes: [ '3.1.2' ],
397 silly audit   destroy: [ '1.2.0' ],
397 silly audit   'iconv-lite': [ '0.4.24' ],
397 silly audit   'raw-body': [ '2.5.1' ],
397 silly audit   unpipe: [ '1.0.0' ],
397 silly audit   ms: [ '2.0.0', '2.1.3', '2.1.2' ],
397 silly audit   inherits: [ '2.0.4' ],
397 silly audit   toidentifier: [ '1.0.1' ],
397 silly audit   'safer-buffer': [ '2.1.2' ],
397 silly audit   'mime-db': [ '1.52.0' ],
397 silly audit   bson: [ '6.2.0' ],
397 silly audit   kareem: [ '2.5.1' ],
397 silly audit   mongodb: [ '6.2.0' ],
397 silly audit   mpath: [ '0.9.0' ],
397 silly audit   mquery: [ '5.0.0' ],
397 silly audit   sift: [ '16.0.1' ],
397 silly audit   '@mongodb-js/saslprep': [ '1.1.1' ],
397 silly audit   'mongodb-connection-string-url': [ '2.6.0' ],
397 silly audit   'sparse-bitfield': [ '3.0.3' ],
397 silly audit   '@types/whatwg-url': [ '8.2.2' ],
397 silly audit   'whatwg-url': [ '11.0.0' ],
397 silly audit   '@types/node': [ '20.9.1' ],
397 silly audit   '@types/webidl-conversions': [ '7.0.3' ],
397 silly audit   'undici-types': [ '5.26.5' ],
397 silly audit   'ee-first': [ '1.1.1' ],
397 silly audit   forwarded: [ '0.2.0' ],
397 silly audit   'ipaddr.js': [ '1.9.1' ],
397 silly audit   'side-channel': [ '1.0.4' ],
397 silly audit   mime: [ '1.6.0' ],
397 silly audit   'call-bind': [ '1.0.5' ],
397 silly audit   'get-intrinsic': [ '1.2.2' ],
397 silly audit   'object-inspect': [ '1.13.1' ],
397 silly audit   'function-bind': [ '1.1.2' ],
397 silly audit   'set-function-length': [ '1.1.1' ],
397 silly audit   'has-proto': [ '1.0.1' ],
397 silly audit   'has-symbols': [ '1.0.3' ],
397 silly audit   hasown: [ '2.0.0' ],
397 silly audit   'define-data-property': [ '1.1.1' ],
397 silly audit   gopd: [ '1.0.1' ],
397 silly audit   'has-property-descriptors': [ '1.0.1' ],
397 silly audit   'memory-pager': [ '1.5.0' ],
397 silly audit   'media-typer': [ '0.3.0' ],
397 silly audit   tr46: [ '3.0.0' ],
397 silly audit   'webidl-conversions': [ '7.0.0' ],
397 silly audit   punycode: [ '2.3.1' ]
397 silly audit }
398 silly tarball no local data for punycode@https://registry.npmjs.org/punycode/-/punycode-2.3.1.tgz. Extracting by manifest.
399 silly tarball no local data for media-typer@https://registry.npmjs.org/media-typer/-/media-typer-0.3.0.tgz. Extracting by manifest.
400 silly tarball no local data for webidl-conversions@https://registry.npmjs.org/webidl-conversions/-/webidl-conversions-7.0.0.tgz. Extracting by manifest.
401 silly tarball no local data for memory-pager@https://registry.npmjs.org/memory-pager/-/memory-pager-1.5.0.tgz. Extracting by manifest.
402 silly tarball no local data for tr46@https://registry.npmjs.org/tr46/-/tr46-3.0.0.tgz. Extracting by manifest.
403 silly tarball no local data for gopd@https://registry.npmjs.org/gopd/-/gopd-1.0.1.tgz. Extracting by manifest.
404 silly tarball no local data for define-data-property@https://registry.npmjs.org/define-data-property/-/define-data-property-1.1.1.tgz. Extracting by manifest.
405 silly tarball no local data for has-symbols@https://registry.npmjs.org/has-symbols/-/has-symbols-1.0.3.tgz. Extracting by manifest.
406 silly tarball no local data for has-proto@https://registry.npmjs.org/has-proto/-/has-proto-1.0.1.tgz. Extracting by manifest.
407 silly tarball no local data for hasown@https://registry.npmjs.org/hasown/-/hasown-2.0.0.tgz. Extracting by manifest.
408 silly tarball no local data for has-property-descriptors@https://registry.npmjs.org/has-property-descriptors/-/has-property-descriptors-1.0.1.tgz. Extracting by manifest.
409 silly tarball no local data for set-function-length@https://registry.npmjs.org/set-function-length/-/set-function-length-1.1.1.tgz. Extracting by manifest.
410 silly tarball no local data for function-bind@https://registry.npmjs.org/function-bind/-/function-bind-1.1.2.tgz. Extracting by manifest.
411 silly tarball no local data for object-inspect@https://registry.npmjs.org/object-inspect/-/object-inspect-1.13.1.tgz. Extracting by manifest.
412 silly tarball no local data for get-intrinsic@https://registry.npmjs.org/get-intrinsic/-/get-intrinsic-1.2.2.tgz. Extracting by manifest.
413 silly tarball no local data for call-bind@https://registry.npmjs.org/call-bind/-/call-bind-1.0.5.tgz. Extracting by manifest.
414 silly tarball no local data for mime@https://registry.npmjs.org/mime/-/mime-1.6.0.tgz. Extracting by manifest.
415 silly tarball no local data for side-channel@https://registry.npmjs.org/side-channel/-/side-channel-1.0.4.tgz. Extracting by manifest.
416 silly tarball no local data for ipaddr.js@https://registry.npmjs.org/ipaddr.js/-/ipaddr.js-1.9.1.tgz. Extracting by manifest.
417 silly tarball no local data for forwarded@https://registry.npmjs.org/forwarded/-/forwarded-0.2.0.tgz. Extracting by manifest.
418 silly tarball no local data for ee-first@https://registry.npmjs.org/ee-first/-/ee-first-1.1.1.tgz. Extracting by manifest.
419 silly tarball no local data for undici-types@https://registry.npmjs.org/undici-types/-/undici-types-5.26.5.tgz. Extracting by manifest.
420 silly tarball no local data for @types/webidl-conversions@https://registry.npmjs.org/@types/webidl-conversions/-/webidl-conversions-7.0.3.tgz. Extracting by manifest.
421 silly tarball no local data for @types/node@https://registry.npmjs.org/@types/node/-/node-20.9.1.tgz. Extracting by manifest.
422 silly tarball no local data for @types/whatwg-url@https://registry.npmjs.org/@types/whatwg-url/-/whatwg-url-8.2.2.tgz. Extracting by manifest.
423 silly tarball no local data for whatwg-url@https://registry.npmjs.org/whatwg-url/-/whatwg-url-11.0.0.tgz. Extracting by manifest.
424 silly tarball no local data for sparse-bitfield@https://registry.npmjs.org/sparse-bitfield/-/sparse-bitfield-3.0.3.tgz. Extracting by manifest.
425 silly tarball no local data for mongodb-connection-string-url@https://registry.npmjs.org/mongodb-connection-string-url/-/mongodb-connection-string-url-2.6.0.tgz. Extracting by manifest.
426 silly tarball no local data for @mongodb-js/saslprep@https://registry.npmjs.org/@mongodb-js/saslprep/-/saslprep-1.1.1.tgz. Extracting by manifest.
427 silly tarball no local data for sift@https://registry.npmjs.org/sift/-/sift-16.0.1.tgz. Extracting by manifest.
428 silly tarball no local data for mquery@https://registry.npmjs.org/mquery/-/mquery-5.0.0.tgz. Extracting by manifest.
429 silly tarball no local data for mpath@https://registry.npmjs.org/mpath/-/mpath-0.9.0.tgz. Extracting by manifest.
430 silly tarball no local data for mongodb@https://registry.npmjs.org/mongodb/-/mongodb-6.2.0.tgz. Extracting by manifest.
431 silly tarball no local data for kareem@https://registry.npmjs.org/kareem/-/kareem-2.5.1.tgz. Extracting by manifest.
432 silly tarball no local data for bson@https://registry.npmjs.org/bson/-/bson-6.2.0.tgz. Extracting by manifest.
433 silly tarball no local data for mime-db@https://registry.npmjs.org/mime-db/-/mime-db-1.52.0.tgz. Extracting by manifest.
434 silly tarball no local data for safer-buffer@https://registry.npmjs.org/safer-buffer/-/safer-buffer-2.1.2.tgz. Extracting by manifest.
435 silly tarball no local data for toidentifier@https://registry.npmjs.org/toidentifier/-/toidentifier-1.0.1.tgz. Extracting by manifest.
436 silly tarball no local data for inherits@https://registry.npmjs.org/inherits/-/inherits-2.0.4.tgz. Extracting by manifest.
437 silly tarball no local data for ms@https://registry.npmjs.org/ms/-/ms-2.0.0.tgz. Extracting by manifest.
438 silly tarball no local data for raw-body@https://registry.npmjs.org/raw-body/-/raw-body-2.5.1.tgz. Extracting by manifest.
439 silly tarball no local data for unpipe@https://registry.npmjs.org/unpipe/-/unpipe-1.0.0.tgz. Extracting by manifest.
440 silly tarball no local data for iconv-lite@https://registry.npmjs.org/iconv-lite/-/iconv-lite-0.4.24.tgz. Extracting by manifest.
441 silly tarball no local data for destroy@https://registry.npmjs.org/destroy/-/destroy-1.2.0.tgz. Extracting by manifest.
442 silly tarball no local data for bytes@https://registry.npmjs.org/bytes/-/bytes-3.1.2.tgz. Extracting by manifest.
443 silly tarball no local data for negotiator@https://registry.npmjs.org/negotiator/-/negotiator-0.6.3.tgz. Extracting by manifest.
444 silly tarball no local data for mime-types@https://registry.npmjs.org/mime-types/-/mime-types-2.1.35.tgz. Extracting by manifest.
445 silly tarball no local data for vary@https://registry.npmjs.org/vary/-/vary-1.1.2.tgz. Extracting by manifest.
446 silly tarball no local data for utils-merge@https://registry.npmjs.org/utils-merge/-/utils-merge-1.0.1.tgz. Extracting by manifest.
447 silly tarball no local data for type-is@https://registry.npmjs.org/type-is/-/type-is-1.6.18.tgz. Extracting by manifest.
448 silly tarball no local data for statuses@https://registry.npmjs.org/statuses/-/statuses-2.0.1.tgz. Extracting by manifest.
449 silly tarball no local data for setprototypeof@https://registry.npmjs.org/setprototypeof/-/setprototypeof-1.2.0.tgz. Extracting by manifest.
450 silly tarball no local data for serve-static@https://registry.npmjs.org/serve-static/-/serve-static-1.15.0.tgz. Extracting by manifest.
451 silly tarball no local data for send@https://registry.npmjs.org/send/-/send-0.18.0.tgz. Extracting by manifest.
452 silly tarball no local data for safe-buffer@https://registry.npmjs.org/safe-buffer/-/safe-buffer-5.2.1.tgz. Extracting by manifest.
453 silly tarball no local data for range-parser@https://registry.npmjs.org/range-parser/-/range-parser-1.2.1.tgz. Extracting by manifest.
454 silly tarball no local data for qs@https://registry.npmjs.org/qs/-/qs-6.11.0.tgz. Extracting by manifest.
455 silly tarball no local data for proxy-addr@https://registry.npmjs.org/proxy-addr/-/proxy-addr-2.0.7.tgz. Extracting by manifest.
456 silly tarball no local data for path-to-regexp@https://registry.npmjs.org/path-to-regexp/-/path-to-regexp-0.1.7.tgz. Extracting by manifest.
457 silly tarball no local data for parseurl@https://registry.npmjs.org/parseurl/-/parseurl-1.3.3.tgz. Extracting by manifest.
458 silly tarball no local data for on-finished@https://registry.npmjs.org/on-finished/-/on-finished-2.4.1.tgz. Extracting by manifest.
459 silly tarball no local data for methods@https://registry.npmjs.org/methods/-/methods-1.1.2.tgz. Extracting by manifest.
460 silly tarball no local data for merge-descriptors@https://registry.npmjs.org/merge-descriptors/-/merge-descriptors-1.0.1.tgz. Extracting by manifest.
461 silly tarball no local data for http-errors@https://registry.npmjs.org/http-errors/-/http-errors-2.0.0.tgz. Extracting by manifest.
462 silly tarball no local data for fresh@https://registry.npmjs.org/fresh/-/fresh-0.5.2.tgz. Extracting by manifest.
463 silly tarball no local data for finalhandler@https://registry.npmjs.org/finalhandler/-/finalhandler-1.2.0.tgz. Extracting by manifest.
464 silly tarball no local data for etag@https://registry.npmjs.org/etag/-/etag-1.8.1.tgz. Extracting by manifest.
465 silly tarball no local data for escape-html@https://registry.npmjs.org/escape-html/-/escape-html-1.0.3.tgz. Extracting by manifest.
466 silly tarball no local data for encodeurl@https://registry.npmjs.org/encodeurl/-/encodeurl-1.0.2.tgz. Extracting by manifest.
467 silly tarball no local data for depd@https://registry.npmjs.org/depd/-/depd-2.0.0.tgz. Extracting by manifest.
468 silly tarball no local data for debug@https://registry.npmjs.org/debug/-/debug-2.6.9.tgz. Extracting by manifest.
469 silly tarball no local data for cookie-signature@https://registry.npmjs.org/cookie-signature/-/cookie-signature-1.0.6.tgz. Extracting by manifest.
470 silly tarball no local data for cookie@https://registry.npmjs.org/cookie/-/cookie-0.5.0.tgz. Extracting by manifest.
471 silly tarball no local data for content-type@https://registry.npmjs.org/content-type/-/content-type-1.0.5.tgz. Extracting by manifest.
472 silly tarball no local data for content-disposition@https://registry.npmjs.org/content-disposition/-/content-disposition-0.5.4.tgz. Extracting by manifest.
473 silly tarball no local data for body-parser@https://registry.npmjs.org/body-parser/-/body-parser-1.20.1.tgz. Extracting by manifest.
474 silly tarball no local data for array-flatten@https://registry.npmjs.org/array-flatten/-/array-flatten-1.1.1.tgz. Extracting by manifest.
475 silly tarball no local data for accepts@https://registry.npmjs.org/accepts/-/accepts-1.3.8.tgz. Extracting by manifest.
476 silly tarball no local data for mongoose@https://registry.npmjs.org/mongoose/-/mongoose-8.0.1.tgz. Extracting by manifest.
477 silly tarball no local data for express@https://registry.npmjs.org/express/-/express-4.18.2.tgz. Extracting by manifest.
478 silly tarball no local data for ms@https://registry.npmjs.org/ms/-/ms-2.1.2.tgz. Extracting by manifest.
479 silly tarball no local data for ms@https://registry.npmjs.org/ms/-/ms-2.1.3.tgz. Extracting by manifest.
480 silly tarball no local data for debug@https://registry.npmjs.org/debug/-/debug-4.3.4.tgz. Extracting by manifest.
481 silly tarball no local data for ms@https://registry.npmjs.org/ms/-/ms-2.1.3.tgz. Extracting by manifest.
482 http fetch GET 200 https://registry.npmjs.org/media-typer/-/media-typer-0.3.0.tgz 152ms (cache miss)
483 timing reifyNode:node_modules/media-typer Completed in 186ms
484 http fetch GET 200 https://registry.npmjs.org/punycode/-/punycode-2.3.1.tgz 161ms (cache miss)
485 timing reifyNode:node_modules/punycode Completed in 196ms
486 http fetch GET 200 https://registry.npmjs.org/webidl-conversions/-/webidl-conversions-7.0.0.tgz 160ms (cache miss)
487 timing reifyNode:node_modules/webidl-conversions Completed in 197ms
488 http fetch GET 200 https://registry.npmjs.org/hasown/-/hasown-2.0.0.tgz 154ms (cache miss)
489 timing reifyNode:node_modules/hasown Completed in 196ms
490 http fetch GET 200 https://registry.npmjs.org/gopd/-/gopd-1.0.1.tgz 161ms (cache miss)
491 timing reifyNode:node_modules/gopd Completed in 197ms
492 http fetch GET 200 https://registry.npmjs.org/has-property-descriptors/-/has-property-descriptors-1.0.1.tgz 156ms (cache miss)
493 http fetch GET 200 https://registry.npmjs.org/set-function-length/-/set-function-length-1.1.1.tgz 155ms (cache miss)
494 timing reifyNode:node_modules/set-function-length Completed in 199ms
495 timing reifyNode:node_modules/has-property-descriptors Completed in 200ms
496 http fetch GET 200 https://registry.npmjs.org/function-bind/-/function-bind-1.1.2.tgz 157ms (cache miss)
497 timing reifyNode:node_modules/function-bind Completed in 202ms
498 http fetch GET 200 https://registry.npmjs.org/define-data-property/-/define-data-property-1.1.1.tgz 168ms (cache miss)
499 timing reifyNode:node_modules/define-data-property Completed in 205ms
500 http fetch GET 200 https://registry.npmjs.org/has-proto/-/has-proto-1.0.1.tgz 164ms (cache miss)
501 timing reifyNode:node_modules/has-proto Completed in 206ms
502 http fetch GET 200 https://registry.npmjs.org/tr46/-/tr46-3.0.0.tgz 200ms (cache miss)
503 timing reifyNode:node_modules/tr46 Completed in 236ms
504 http fetch GET 200 https://registry.npmjs.org/memory-pager/-/memory-pager-1.5.0.tgz 241ms (cache miss)
505 timing reifyNode:node_modules/memory-pager Completed in 276ms
506 http fetch GET 200 https://registry.npmjs.org/ee-first/-/ee-first-1.1.1.tgz 233ms (cache miss)
507 timing reifyNode:node_modules/ee-first Completed in 283ms
508 http fetch GET 200 https://registry.npmjs.org/side-channel/-/side-channel-1.0.4.tgz 237ms (cache miss)
509 timing reifyNode:node_modules/side-channel Completed in 285ms
510 http fetch GET 200 https://registry.npmjs.org/get-intrinsic/-/get-intrinsic-1.2.2.tgz 245ms (cache miss)
511 http fetch GET 200 https://registry.npmjs.org/ipaddr.js/-/ipaddr.js-1.9.1.tgz 243ms (cache miss)
512 timing reifyNode:node_modules/ipaddr.js Completed in 292ms
513 timing reifyNode:node_modules/get-intrinsic Completed in 292ms
514 http fetch GET 200 https://registry.npmjs.org/forwarded/-/forwarded-0.2.0.tgz 249ms (cache miss)
515 timing reifyNode:node_modules/forwarded Completed in 297ms
516 http fetch GET 200 https://registry.npmjs.org/call-bind/-/call-bind-1.0.5.tgz 252ms (cache miss)
517 timing reifyNode:node_modules/call-bind Completed in 298ms
518 http fetch GET 200 https://registry.npmjs.org/mime/-/mime-1.6.0.tgz 252ms (cache miss)
519 timing reifyNode:node_modules/mime Completed in 299ms
520 http fetch GET 200 https://registry.npmjs.org/mongodb-connection-string-url/-/mongodb-connection-string-url-2.6.0.tgz 279ms (cache miss)
521 timing reifyNode:node_modules/mongodb-connection-string-url Completed in 335ms
522 http fetch GET 200 https://registry.npmjs.org/sparse-bitfield/-/sparse-bitfield-3.0.3.tgz 286ms (cache miss)
523 timing reifyNode:node_modules/sparse-bitfield Completed in 338ms
524 http fetch GET 200 https://registry.npmjs.org/@types/webidl-conversions/-/webidl-conversions-7.0.3.tgz 291ms (cache miss)
525 timing reifyNode:node_modules/@types/webidl-conversions Completed in 341ms
526 http fetch GET 200 https://registry.npmjs.org/has-symbols/-/has-symbols-1.0.3.tgz 312ms (cache miss)
527 timing reifyNode:node_modules/has-symbols Completed in 349ms
528 http fetch GET 200 https://registry.npmjs.org/kareem/-/kareem-2.5.1.tgz 293ms (cache miss)
529 timing reifyNode:node_modules/kareem Completed in 350ms
530 http fetch GET 200 https://registry.npmjs.org/object-inspect/-/object-inspect-1.13.1.tgz 306ms (cache miss)
531 timing reifyNode:node_modules/object-inspect Completed in 352ms
532 http fetch GET 200 https://registry.npmjs.org/safer-buffer/-/safer-buffer-2.1.2.tgz 294ms (cache miss)
533 timing reifyNode:node_modules/safer-buffer Completed in 352ms
534 http fetch GET 200 https://registry.npmjs.org/mime-db/-/mime-db-1.52.0.tgz 297ms (cache miss)
535 http fetch GET 200 https://registry.npmjs.org/toidentifier/-/toidentifier-1.0.1.tgz 296ms (cache miss)
536 timing reifyNode:node_modules/toidentifier Completed in 354ms
537 http fetch GET 200 https://registry.npmjs.org/inherits/-/inherits-2.0.4.tgz 296ms (cache miss)
538 timing reifyNode:node_modules/inherits Completed in 355ms
539 http fetch GET 200 https://registry.npmjs.org/negotiator/-/negotiator-0.6.3.tgz 292ms (cache miss)
540 http fetch GET 200 https://registry.npmjs.org/whatwg-url/-/whatwg-url-11.0.0.tgz 304ms (cache miss)
541 http fetch GET 200 https://registry.npmjs.org/mpath/-/mpath-0.9.0.tgz 302ms (cache miss)
542 timing reifyNode:node_modules/mime-db Completed in 357ms
543 http fetch GET 200 https://registry.npmjs.org/ms/-/ms-2.0.0.tgz 298ms (cache miss)
544 timing reifyNode:node_modules/ms Completed in 358ms
545 http fetch GET 200 https://registry.npmjs.org/bytes/-/bytes-3.1.2.tgz 295ms (cache miss)
546 timing reifyNode:node_modules/bytes Completed in 357ms
547 http fetch GET 200 https://registry.npmjs.org/raw-body/-/raw-body-2.5.1.tgz 299ms (cache miss)
548 timing reifyNode:node_modules/raw-body Completed in 359ms
549 http fetch GET 200 https://registry.npmjs.org/destroy/-/destroy-1.2.0.tgz 298ms (cache miss)
550 timing reifyNode:node_modules/destroy Completed in 360ms
551 http fetch GET 200 https://registry.npmjs.org/unpipe/-/unpipe-1.0.0.tgz 299ms (cache miss)
552 timing reifyNode:node_modules/unpipe Completed in 360ms
553 timing reifyNode:node_modules/negotiator Completed in 359ms
554 http fetch GET 200 https://registry.npmjs.org/mime-types/-/mime-types-2.1.35.tgz 297ms (cache miss)
555 timing reifyNode:node_modules/mime-types Completed in 360ms
556 timing reifyNode:node_modules/whatwg-url Completed in 361ms
557 timing reifyNode:node_modules/mpath Completed in 362ms
558 http fetch GET 200 https://registry.npmjs.org/mquery/-/mquery-5.0.0.tgz 318ms (cache miss)
559 timing reifyNode:node_modules/mquery Completed in 373ms
560 http fetch GET 200 https://registry.npmjs.org/undici-types/-/undici-types-5.26.5.tgz 368ms (cache miss)
561 timing reifyNode:node_modules/undici-types Completed in 417ms
562 http fetch GET 200 https://registry.npmjs.org/utils-merge/-/utils-merge-1.0.1.tgz 379ms (cache miss)
563 timing reifyNode:node_modules/utils-merge Completed in 449ms
564 http fetch GET 200 https://registry.npmjs.org/vary/-/vary-1.1.2.tgz 390ms (cache miss)
565 timing reifyNode:node_modules/vary Completed in 454ms
566 http fetch GET 200 https://registry.npmjs.org/range-parser/-/range-parser-1.2.1.tgz 381ms (cache miss)
567 timing reifyNode:node_modules/range-parser Completed in 455ms
568 http fetch GET 200 https://registry.npmjs.org/serve-static/-/serve-static-1.15.0.tgz 383ms (cache miss)
569 timing reifyNode:node_modules/serve-static Completed in 455ms
570 http fetch POST 200 https://registry.npmjs.org/-/npm/v1/security/advisories/bulk 464ms
571 timing auditReport:getReport Completed in 467ms
572 silly audit report {}
573 timing auditReport:init Completed in 0ms
574 timing reify:audit Completed in 467ms
575 http fetch GET 200 https://registry.npmjs.org/send/-/send-0.18.0.tgz 388ms (cache miss)
576 timing reifyNode:node_modules/send Completed in 460ms
577 http fetch GET 200 https://registry.npmjs.org/setprototypeof/-/setprototypeof-1.2.0.tgz 393ms (cache miss)
578 timing reifyNode:node_modules/setprototypeof Completed in 464ms
579 http fetch GET 200 https://registry.npmjs.org/statuses/-/statuses-2.0.1.tgz 396ms (cache miss)
580 timing reifyNode:node_modules/statuses Completed in 468ms
581 http fetch GET 200 https://registry.npmjs.org/on-finished/-/on-finished-2.4.1.tgz 399ms (cache miss)
582 timing reifyNode:node_modules/on-finished Completed in 475ms
583 http fetch GET 200 https://registry.npmjs.org/parseurl/-/parseurl-1.3.3.tgz 400ms (cache miss)
584 timing reifyNode:node_modules/parseurl Completed in 476ms
585 http fetch GET 200 https://registry.npmjs.org/safe-buffer/-/safe-buffer-5.2.1.tgz 405ms (cache miss)
586 timing reifyNode:node_modules/safe-buffer Completed in 478ms
587 http fetch GET 200 https://registry.npmjs.org/merge-descriptors/-/merge-descriptors-1.0.1.tgz 404ms (cache miss)
588 timing reifyNode:node_modules/merge-descriptors Completed in 481ms
589 http fetch GET 200 https://registry.npmjs.org/finalhandler/-/finalhandler-1.2.0.tgz 402ms (cache miss)
590 timing reifyNode:node_modules/finalhandler Completed in 481ms
591 http fetch GET 200 https://registry.npmjs.org/http-errors/-/http-errors-2.0.0.tgz 404ms (cache miss)
592 timing reifyNode:node_modules/http-errors Completed in 482ms
593 http fetch GET 200 https://registry.npmjs.org/iconv-lite/-/iconv-lite-0.4.24.tgz 422ms (cache miss)
594 timing reifyNode:node_modules/iconv-lite Completed in 484ms
595 http fetch GET 200 https://registry.npmjs.org/methods/-/methods-1.1.2.tgz 406ms (cache miss)
596 timing reifyNode:node_modules/methods Completed in 483ms
597 http fetch GET 200 https://registry.npmjs.org/path-to-regexp/-/path-to-regexp-0.1.7.tgz 409ms (cache miss)
598 timing reifyNode:node_modules/path-to-regexp Completed in 484ms
599 http fetch GET 200 https://registry.npmjs.org/fresh/-/fresh-0.5.2.tgz 406ms (cache miss)
600 timing reifyNode:node_modules/fresh Completed in 484ms
601 http fetch GET 200 https://registry.npmjs.org/encodeurl/-/encodeurl-1.0.2.tgz 411ms (cache miss)
602 timing reifyNode:node_modules/encodeurl Completed in 490ms
603 http fetch GET 200 https://registry.npmjs.org/escape-html/-/escape-html-1.0.3.tgz 411ms (cache miss)
604 timing reifyNode:node_modules/escape-html Completed in 490ms
605 http fetch GET 200 https://registry.npmjs.org/etag/-/etag-1.8.1.tgz 412ms (cache miss)
606 timing reifyNode:node_modules/etag Completed in 490ms
607 http fetch GET 200 https://registry.npmjs.org/sift/-/sift-16.0.1.tgz 439ms (cache miss)
608 http fetch GET 200 https://registry.npmjs.org/content-disposition/-/content-disposition-0.5.4.tgz 404ms (cache miss)
609 timing reifyNode:node_modules/content-disposition Completed in 491ms
610 http fetch GET 200 https://registry.npmjs.org/content-type/-/content-type-1.0.5.tgz 405ms (cache miss)
611 timing reifyNode:node_modules/content-type Completed in 492ms
612 timing reifyNode:node_modules/sift Completed in 495ms
613 http fetch GET 200 https://registry.npmjs.org/depd/-/depd-2.0.0.tgz 415ms (cache miss)
614 timing reifyNode:node_modules/depd Completed in 495ms
615 http fetch GET 200 https://registry.npmjs.org/debug/-/debug-2.6.9.tgz 417ms (cache miss)
616 timing reifyNode:node_modules/debug Completed in 499ms
617 http fetch GET 200 https://registry.npmjs.org/qs/-/qs-6.11.0.tgz 433ms (cache miss)
618 timing reifyNode:node_modules/qs Completed in 507ms
619 http fetch GET 200 https://registry.npmjs.org/body-parser/-/body-parser-1.20.1.tgz 451ms (cache miss)
620 http fetch GET 200 https://registry.npmjs.org/cookie-signature/-/cookie-signature-1.0.6.tgz 461ms (cache miss)
621 timing reifyNode:node_modules/cookie-signature Completed in 543ms
622 http fetch GET 200 https://registry.npmjs.org/cookie/-/cookie-0.5.0.tgz 461ms (cache miss)
623 timing reifyNode:node_modules/cookie Completed in 544ms
624 http fetch GET 200 https://registry.npmjs.org/array-flatten/-/array-flatten-1.1.1.tgz 457ms (cache miss)
625 timing reifyNode:node_modules/array-flatten Completed in 545ms
626 timing reifyNode:node_modules/body-parser Completed in 550ms
627 http fetch GET 200 https://registry.npmjs.org/debug/-/debug-4.3.4.tgz 490ms (cache miss)
628 timing reifyNode:node_modules/mquery/node_modules/debug Completed in 584ms
629 http fetch GET 200 https://registry.npmjs.org/ms/-/ms-2.1.3.tgz 495ms (cache miss)
630 timing reifyNode:node_modules/mongoose/node_modules/ms Completed in 588ms
631 http fetch GET 200 https://registry.npmjs.org/ms/-/ms-2.1.3.tgz 499ms (cache miss)
632 timing reifyNode:node_modules/send/node_modules/ms Completed in 592ms
633 http fetch GET 200 https://registry.npmjs.org/ms/-/ms-2.1.2.tgz 504ms (cache miss)
634 timing reifyNode:node_modules/mquery/node_modules/ms Completed in 597ms
635 http fetch GET 200 https://registry.npmjs.org/@mongodb-js/saslprep/-/saslprep-1.1.1.tgz 548ms (cache miss)
636 timing reifyNode:node_modules/@mongodb-js/saslprep Completed in 602ms
637 http fetch GET 200 https://registry.npmjs.org/type-is/-/type-is-1.6.18.tgz 531ms (cache miss)
638 timing reifyNode:node_modules/type-is Completed in 602ms
639 http fetch GET 200 https://registry.npmjs.org/express/-/express-4.18.2.tgz 519ms (cache miss)
640 timing reifyNode:node_modules/express Completed in 611ms
641 http fetch GET 200 https://registry.npmjs.org/bson/-/bson-6.2.0.tgz 582ms (cache miss)
642 timing reifyNode:node_modules/bson Completed in 640ms
643 http fetch GET 200 https://registry.npmjs.org/proxy-addr/-/proxy-addr-2.0.7.tgz 598ms (cache miss)
644 timing reifyNode:node_modules/proxy-addr Completed in 674ms
645 http fetch GET 200 https://registry.npmjs.org/@types/node/-/node-20.9.1.tgz 629ms (cache miss)
646 timing reifyNode:node_modules/@types/node Completed in 680ms
647 http fetch GET 200 https://registry.npmjs.org/@types/whatwg-url/-/whatwg-url-8.2.2.tgz 653ms (cache miss)
648 timing reifyNode:node_modules/@types/whatwg-url Completed in 704ms
649 http fetch GET 200 https://registry.npmjs.org/mongodb/-/mongodb-6.2.0.tgz 673ms (cache miss)
650 timing reifyNode:node_modules/mongodb Completed in 729ms
651 http fetch GET 200 https://registry.npmjs.org/mongoose/-/mongoose-8.0.1.tgz 772ms (cache miss)
652 timing reifyNode:node_modules/mongoose Completed in 862ms
653 http fetch GET 200 https://registry.npmjs.org/accepts/-/accepts-1.3.8.tgz 823ms (cache miss)
654 timing reifyNode:node_modules/accepts Completed in 913ms
655 timing reify:unpack Completed in 917ms
656 timing reify:unretire Completed in 1ms
657 timing build:queue Completed in 5ms
658 timing build:link:node_modules/mime Completed in 5ms
659 timing build:link Completed in 5ms
660 timing build:deps Completed in 12ms
661 timing build Completed in 12ms
662 timing reify:build Completed in 13ms
663 timing reify:trash Completed in 0ms
664 timing reify:save Completed in 27ms
665 timing reify Completed in 6918ms
666 silly ADD node_modules/punycode
667 silly ADD node_modules/webidl-conversions
668 silly ADD node_modules/tr46
669 silly ADD node_modules/media-typer
670 silly ADD node_modules/memory-pager
671 silly ADD node_modules/has-property-descriptors
672 silly ADD node_modules/gopd
673 silly ADD node_modules/define-data-property
674 silly ADD node_modules/hasown
675 silly ADD node_modules/has-symbols
676 silly ADD node_modules/has-proto
677 silly ADD node_modules/set-function-length
678 silly ADD node_modules/function-bind
679 silly ADD node_modules/object-inspect
680 silly ADD node_modules/get-intrinsic
681 silly ADD node_modules/call-bind
682 silly ADD node_modules/mime
683 silly ADD node_modules/side-channel
684 silly ADD node_modules/ipaddr.js
685 silly ADD node_modules/forwarded
686 silly ADD node_modules/ee-first
687 silly ADD node_modules/undici-types
688 silly ADD node_modules/@types/webidl-conversions
689 silly ADD node_modules/@types/node
690 silly ADD node_modules/whatwg-url
691 silly ADD node_modules/@types/whatwg-url
692 silly ADD node_modules/sparse-bitfield
693 silly ADD node_modules/mongodb-connection-string-url
694 silly ADD node_modules/@mongodb-js/saslprep
695 silly ADD node_modules/sift
696 silly ADD node_modules/mquery
697 silly ADD node_modules/mquery/node_modules/ms
698 silly ADD node_modules/mquery/node_modules/debug
699 silly ADD node_modules/mpath
700 silly ADD node_modules/mongodb
701 silly ADD node_modules/kareem
702 silly ADD node_modules/bson
703 silly ADD node_modules/mime-db
704 silly ADD node_modules/safer-buffer
705 silly ADD node_modules/toidentifier
706 silly ADD node_modules/inherits
707 silly ADD node_modules/ms
708 silly ADD node_modules/unpipe
709 silly ADD node_modules/raw-body
710 silly ADD node_modules/iconv-lite
711 silly ADD node_modules/destroy
712 silly ADD node_modules/bytes
713 silly ADD node_modules/negotiator
714 silly ADD node_modules/mime-types
715 silly ADD node_modules/vary
716 silly ADD node_modules/utils-merge
717 silly ADD node_modules/type-is
718 silly ADD node_modules/statuses
719 silly ADD node_modules/setprototypeof
720 silly ADD node_modules/serve-static
721 silly ADD node_modules/send
722 silly ADD node_modules/send/node_modules/ms
723 silly ADD node_modules/safe-buffer
724 silly ADD node_modules/range-parser
725 silly ADD node_modules/qs
726 silly ADD node_modules/proxy-addr
727 silly ADD node_modules/path-to-regexp
728 silly ADD node_modules/parseurl
729 silly ADD node_modules/on-finished
730 silly ADD node_modules/methods
731 silly ADD node_modules/merge-descriptors
732 silly ADD node_modules/http-errors
733 silly ADD node_modules/fresh
734 silly ADD node_modules/finalhandler
735 silly ADD node_modules/etag
736 silly ADD node_modules/escape-html
737 silly ADD node_modules/encodeurl
738 silly ADD node_modules/depd
739 silly ADD node_modules/debug
740 silly ADD node_modules/cookie-signature
741 silly ADD node_modules/cookie
742 silly ADD node_modules/content-type
743 silly ADD node_modules/content-disposition
744 silly ADD node_modules/body-parser
745 silly ADD node_modules/array-flatten
746 silly ADD node_modules/accepts
747 silly ADD node_modules/mongoose
748 silly ADD node_modules/mongoose/node_modules/ms
749 silly ADD node_modules/express
750 timing command:i Completed in 6927ms
751 notice
751 notice New [31mmajor[39m version of npm available! [31m9.8.0[39m -> [32m10.2.4[39m
751 notice Changelog: [36mhttps://github.com/npm/cli/releases/tag/v10.2.4[39m
751 notice Run [32mnpm install -g npm@10.2.4[39m to update!
751 notice
752 verbose exit 0
753 timing npm Completed in 7146ms
754 info ok
