0 verbose cli /usr/local/bin/node /usr/local/bin/npm
1 info using npm@9.8.0
2 info using node@v20.5.0
3 timing npm:load:whichnode Completed in 2ms
4 timing config:load:defaults Completed in 1ms
5 timing config:load:file:/usr/local/lib/node_modules/npm/npmrc Completed in 0ms
6 timing config:load:builtin Completed in 0ms
7 timing config:load:cli Completed in 2ms
8 timing config:load:env Completed in 0ms
9 timing config:load:file:/root/logic/.npmrc Completed in 0ms
10 timing config:load:project Completed in 1ms
11 timing config:load:file:/root/.npmrc Completed in 0ms
12 timing config:load:user Completed in 1ms
13 timing config:load:file:/usr/local/etc/npmrc Completed in 0ms
14 timing config:load:global Completed in 0ms
15 timing config:load:setEnvs Completed in 1ms
16 timing config:load Completed in 7ms
17 timing npm:load:configload Completed in 7ms
18 timing config:load:flatten Completed in 3ms
19 timing npm:load:mkdirpcache Completed in 0ms
20 timing npm:load:mkdirplogs Completed in 1ms
21 verbose title npm update
22 verbose argv "update"
23 timing npm:load:setTitle Completed in 0ms
24 timing npm:load:display Completed in 1ms
25 verbose logfile logs-max:10 dir:/root/.npm/_logs/2023-11-19T00_14_17_436Z-
26 verbose logfile /root/.npm/_logs/2023-11-19T00_14_17_436Z-debug-0.log
27 timing npm:load:logFile Completed in 8ms
28 timing npm:load:timers Completed in 0ms
29 timing npm:load:configScope Completed in 0ms
30 timing npm:load Completed in 34ms
31 timing arborist:ctor Completed in 1ms
32 silly logfile done cleaning log files
33 timing idealTree:init Completed in 12ms
34 timing idealTree:userRequests Completed in 0ms
35 silly idealTree buildDeps
36 silly fetch manifest express@^4.18.2
37 timing arborist:ctor Completed in 1ms
38 http fetch GET 200 https://registry.npmjs.org/express 399ms (cache revalidated)
39 silly fetch manifest mongoose@^8.0.1
40 http fetch GET 200 https://registry.npmjs.org/mongoose 610ms (cache revalidated)
41 silly placeDep ROOT express@4.18.2 OK for: logic@1.0.0 want: ^4.18.2
42 silly fetch manifest accepts@~1.3.8
43 silly fetch manifest array-flatten@1.1.1
44 silly fetch manifest body-parser@1.20.1
45 silly fetch manifest content-disposition@0.5.4
46 silly fetch manifest content-type@~1.0.4
47 silly fetch manifest cookie@0.5.0
48 silly fetch manifest cookie-signature@1.0.6
49 silly fetch manifest debug@2.6.9
50 silly fetch manifest depd@2.0.0
51 silly fetch manifest encodeurl@~1.0.2
52 silly fetch manifest escape-html@~1.0.3
53 silly fetch manifest etag@~1.8.1
54 silly fetch manifest finalhandler@1.2.0
55 silly fetch manifest fresh@0.5.2
56 silly fetch manifest http-errors@2.0.0
57 silly fetch manifest merge-descriptors@1.0.1
58 silly fetch manifest methods@~1.1.2
59 silly fetch manifest on-finished@2.4.1
60 silly fetch manifest parseurl@~1.3.3
61 silly fetch manifest path-to-regexp@0.1.7
62 silly fetch manifest proxy-addr@~2.0.7
63 silly fetch manifest qs@6.11.0
64 silly fetch manifest range-parser@~1.2.1
65 silly fetch manifest safe-buffer@5.2.1
66 silly fetch manifest send@0.18.0
67 silly fetch manifest serve-static@1.15.0
68 silly fetch manifest setprototypeof@1.2.0
69 silly fetch manifest statuses@2.0.1
70 silly fetch manifest type-is@~1.6.18
71 silly fetch manifest utils-merge@1.0.1
72 silly fetch manifest vary@~1.1.2
73 silly placeDep ROOT mongoose@8.0.1 OK for: logic@1.0.0 want: ^8.0.1
74 silly fetch manifest bson@^6.2.0
75 silly fetch manifest kareem@2.5.1
76 silly fetch manifest mongodb@6.2.0
77 silly fetch manifest mpath@0.9.0
78 silly fetch manifest mquery@5.0.0
79 silly fetch manifest ms@2.1.3
80 silly fetch manifest sift@16.0.1
81 http fetch GET 200 https://registry.npmjs.org/body-parser 107ms (cache revalidated)
82 http fetch GET 200 https://registry.npmjs.org/fresh 171ms (cache revalidated)
83 http fetch GET 200 https://registry.npmjs.org/finalhandler 180ms (cache revalidated)
84 http fetch GET 200 https://registry.npmjs.org/debug 185ms (cache revalidated)
85 http fetch GET 200 https://registry.npmjs.org/array-flatten 191ms (cache revalidated)
86 http fetch GET 200 https://registry.npmjs.org/escape-html 205ms (cache revalidated)
87 http fetch GET 200 https://registry.npmjs.org/encodeurl 206ms (cache revalidated)
88 http fetch GET 200 https://registry.npmjs.org/depd 208ms (cache revalidated)
89 http fetch GET 200 https://registry.npmjs.org/cookie 211ms (cache revalidated)
90 http fetch GET 200 https://registry.npmjs.org/cookie-signature 211ms (cache revalidated)
91 http fetch GET 200 https://registry.npmjs.org/content-disposition 215ms (cache revalidated)
92 http fetch GET 200 https://registry.npmjs.org/methods 210ms (cache revalidated)
93 http fetch GET 200 https://registry.npmjs.org/content-type 217ms (cache revalidated)
94 http fetch GET 200 https://registry.npmjs.org/accepts 222ms (cache revalidated)
95 http fetch GET 200 https://registry.npmjs.org/http-errors 220ms (cache revalidated)
96 http fetch GET 200 https://registry.npmjs.org/on-finished 219ms (cache revalidated)
97 http fetch GET 200 https://registry.npmjs.org/qs 217ms (cache revalidated)
98 http fetch GET 200 https://registry.npmjs.org/merge-descriptors 223ms (cache updated)
99 http fetch GET 200 https://registry.npmjs.org/etag 224ms (cache revalidated)
100 http fetch GET 200 https://registry.npmjs.org/path-to-regexp 223ms (cache revalidated)
101 http fetch GET 200 https://registry.npmjs.org/proxy-addr 223ms (cache revalidated)
102 http fetch GET 200 https://registry.npmjs.org/setprototypeof 223ms (cache revalidated)
103 http fetch GET 200 https://registry.npmjs.org/range-parser 227ms (cache revalidated)
104 http fetch GET 200 https://registry.npmjs.org/type-is 222ms (cache revalidated)
105 http fetch GET 200 https://registry.npmjs.org/statuses 226ms (cache revalidated)
106 http fetch GET 200 https://registry.npmjs.org/send 235ms (cache revalidated)
107 http fetch GET 200 https://registry.npmjs.org/utils-merge 232ms (cache revalidated)
108 http fetch GET 200 https://registry.npmjs.org/ms 241ms (cache revalidated)
109 http fetch GET 200 https://registry.npmjs.org/vary 250ms (cache revalidated)
110 http fetch GET 200 https://registry.npmjs.org/mpath 323ms (cache revalidated)
111 http fetch GET 200 https://registry.npmjs.org/safe-buffer 337ms (cache revalidated)
112 http fetch GET 200 https://registry.npmjs.org/serve-static 350ms (cache revalidated)
113 http fetch GET 200 https://registry.npmjs.org/parseurl 657ms (cache revalidated)
114 http fetch GET 200 https://registry.npmjs.org/kareem 649ms (cache revalidated)
115 http fetch GET 200 https://registry.npmjs.org/bson 661ms (cache revalidated)
116 http fetch GET 200 https://registry.npmjs.org/mongodb 666ms (cache revalidated)
117 http fetch GET 200 https://registry.npmjs.org/mquery 673ms (cache revalidated)
118 http fetch GET 200 https://registry.npmjs.org/sift 676ms (cache revalidated)
119 timing idealTree:#root Completed in 1766ms
120 silly placeDep ROOT accepts@1.3.8 OK for: express@4.18.2 want: ~1.3.8
121 silly fetch manifest mime-types@~2.1.34
122 silly fetch manifest negotiator@0.6.3
123 silly placeDep ROOT array-flatten@1.1.1 OK for: express@4.18.2 want: 1.1.1
124 silly placeDep ROOT body-parser@1.20.1 OK for: express@4.18.2 want: 1.20.1
125 silly fetch manifest bytes@3.1.2
126 silly fetch manifest destroy@1.2.0
127 silly fetch manifest iconv-lite@0.4.24
128 silly fetch manifest raw-body@2.5.1
129 silly fetch manifest unpipe@1.0.0
130 silly placeDep ROOT content-disposition@0.5.4 OK for: express@4.18.2 want: 0.5.4
131 silly placeDep ROOT content-type@1.0.5 OK for: express@4.18.2 want: ~1.0.4
132 silly placeDep ROOT cookie@0.5.0 OK for: express@4.18.2 want: 0.5.0
133 silly placeDep ROOT cookie-signature@1.0.6 OK for: express@4.18.2 want: 1.0.6
134 silly placeDep ROOT debug@2.6.9 OK for: express@4.18.2 want: 2.6.9
135 silly fetch manifest ms@2.0.0
136 silly placeDep ROOT depd@2.0.0 OK for: express@4.18.2 want: 2.0.0
137 silly placeDep ROOT encodeurl@1.0.2 OK for: express@4.18.2 want: ~1.0.2
138 silly placeDep ROOT escape-html@1.0.3 OK for: express@4.18.2 want: ~1.0.3
139 silly placeDep ROOT etag@1.8.1 OK for: express@4.18.2 want: ~1.8.1
140 silly placeDep ROOT finalhandler@1.2.0 OK for: express@4.18.2 want: 1.2.0
141 silly fetch manifest unpipe@~1.0.0
142 silly placeDep ROOT fresh@0.5.2 OK for: express@4.18.2 want: 0.5.2
143 silly placeDep ROOT http-errors@2.0.0 OK for: express@4.18.2 want: 2.0.0
144 silly fetch manifest inherits@2.0.4
145 silly fetch manifest toidentifier@1.0.1
146 silly placeDep ROOT merge-descriptors@1.0.1 OK for: express@4.18.2 want: 1.0.1
147 silly placeDep ROOT methods@1.1.2 OK for: express@4.18.2 want: ~1.1.2
148 silly placeDep ROOT on-finished@2.4.1 OK for: express@4.18.2 want: 2.4.1
149 silly fetch manifest ee-first@1.1.1
150 silly placeDep ROOT parseurl@1.3.3 OK for: express@4.18.2 want: ~1.3.3
151 silly placeDep ROOT path-to-regexp@0.1.7 OK for: express@4.18.2 want: 0.1.7
152 silly placeDep ROOT proxy-addr@2.0.7 OK for: express@4.18.2 want: ~2.0.7
153 silly fetch manifest forwarded@0.2.0
154 silly fetch manifest ipaddr.js@1.9.1
155 silly placeDep ROOT qs@6.11.0 OK for: express@4.18.2 want: 6.11.0
156 silly fetch manifest side-channel@^1.0.4
157 silly placeDep ROOT range-parser@1.2.1 OK for: express@4.18.2 want: ~1.2.1
158 silly placeDep ROOT safe-buffer@5.2.1 OK for: express@4.18.2 want: 5.2.1
159 silly placeDep ROOT send@0.18.0 OK for: express@4.18.2 want: 0.18.0
160 silly fetch manifest mime@1.6.0
161 silly placeDep ROOT serve-static@1.15.0 OK for: express@4.18.2 want: 1.15.0
162 silly placeDep ROOT setprototypeof@1.2.0 OK for: express@4.18.2 want: 1.2.0
163 silly placeDep ROOT statuses@2.0.1 OK for: express@4.18.2 want: 2.0.1
164 silly placeDep ROOT type-is@1.6.18 OK for: express@4.18.2 want: ~1.6.18
165 silly fetch manifest media-typer@0.3.0
166 silly fetch manifest mime-types@~2.1.24
167 silly placeDep ROOT utils-merge@1.0.1 OK for: express@4.18.2 want: 1.0.1
168 silly placeDep ROOT vary@1.1.2 OK for: express@4.18.2 want: ~1.1.2
169 http fetch GET 200 https://registry.npmjs.org/ee-first 75ms (cache revalidated)
170 http fetch GET 200 https://registry.npmjs.org/side-channel 74ms (cache revalidated)
171 http fetch GET 200 https://registry.npmjs.org/inherits 82ms (cache revalidated)
172 http fetch GET 200 https://registry.npmjs.org/unpipe 96ms (cache revalidated)
173 http fetch GET 200 https://registry.npmjs.org/mime-types 102ms (cache revalidated)
174 http fetch GET 200 https://registry.npmjs.org/mime-types 75ms (cache revalidated)
175 http fetch GET 200 https://registry.npmjs.org/toidentifier 89ms (cache revalidated)
176 http fetch GET 200 https://registry.npmjs.org/negotiator 107ms (cache revalidated)
177 http fetch GET 200 https://registry.npmjs.org/forwarded 86ms (cache revalidated)
178 http fetch GET 200 https://registry.npmjs.org/ipaddr.js 85ms (cache revalidated)
179 http fetch GET 200 https://registry.npmjs.org/mime 92ms (cache revalidated)
180 http fetch GET 200 https://registry.npmjs.org/media-typer 102ms (cache revalidated)
181 http fetch GET 200 https://registry.npmjs.org/raw-body 215ms (cache revalidated)
182 http fetch GET 200 https://registry.npmjs.org/unpipe 205ms (cache revalidated)
183 http fetch GET 200 https://registry.npmjs.org/iconv-lite 218ms (cache revalidated)
184 http fetch GET 200 https://registry.npmjs.org/bytes 514ms (cache revalidated)
185 http fetch GET 200 https://registry.npmjs.org/destroy 516ms (cache revalidated)
186 timing idealTree:node_modules/express Completed in 532ms
187 silly placeDep ROOT mime-types@2.1.35 OK for: accepts@1.3.8 want: ~2.1.34
188 silly fetch manifest mime-db@1.52.0
189 silly placeDep ROOT negotiator@0.6.3 OK for: accepts@1.3.8 want: 0.6.3
190 http fetch GET 200 https://registry.npmjs.org/mime-db 51ms (cache revalidated)
191 timing idealTree:node_modules/accepts Completed in 60ms
192 timing idealTree:node_modules/array-flatten Completed in 0ms
193 silly placeDep ROOT bytes@3.1.2 OK for: body-parser@1.20.1 want: 3.1.2
194 silly placeDep ROOT destroy@1.2.0 OK for: body-parser@1.20.1 want: 1.2.0
195 silly placeDep ROOT iconv-lite@0.4.24 OK for: body-parser@1.20.1 want: 0.4.24
196 silly fetch manifest safer-buffer@>= 2.1.2 < 3
197 silly placeDep ROOT raw-body@2.5.1 OK for: body-parser@1.20.1 want: 2.5.1
198 silly placeDep ROOT unpipe@1.0.0 OK for: body-parser@1.20.1 want: 1.0.0
199 http fetch GET 200 https://registry.npmjs.org/safer-buffer 71ms (cache revalidated)
200 timing idealTree:node_modules/body-parser Completed in 84ms
201 timing idealTree:node_modules/bytes Completed in 0ms
202 timing idealTree:node_modules/content-disposition Completed in 0ms
203 timing idealTree:node_modules/content-type Completed in 0ms
204 timing idealTree:node_modules/cookie Completed in 0ms
205 timing idealTree:node_modules/cookie-signature Completed in 0ms
206 silly placeDep ROOT ms@2.0.0 OK for: debug@2.6.9 want: 2.0.0
207 timing idealTree:node_modules/debug Completed in 4ms
208 timing idealTree:node_modules/depd Completed in 0ms
209 timing idealTree:node_modules/destroy Completed in 0ms
210 timing idealTree:node_modules/encodeurl Completed in 0ms
211 timing idealTree:node_modules/escape-html Completed in 0ms
212 timing idealTree:node_modules/etag Completed in 0ms
213 timing idealTree:node_modules/finalhandler Completed in 0ms
214 timing idealTree:node_modules/fresh Completed in 0ms
215 silly placeDep ROOT inherits@2.0.4 OK for: http-errors@2.0.0 want: 2.0.4
216 silly placeDep ROOT toidentifier@1.0.1 OK for: http-errors@2.0.0 want: 1.0.1
217 timing idealTree:node_modules/http-errors Completed in 7ms
218 silly placeDep ROOT safer-buffer@2.1.2 OK for: iconv-lite@0.4.24 want: >= 2.1.2 < 3
219 timing idealTree:node_modules/iconv-lite Completed in 4ms
220 timing idealTree:node_modules/inherits Completed in 0ms
221 timing idealTree:node_modules/merge-descriptors Completed in 0ms
222 timing idealTree:node_modules/methods Completed in 0ms
223 silly placeDep ROOT mime-db@1.52.0 OK for: mime-types@2.1.35 want: 1.52.0
224 timing idealTree:node_modules/mime-types Completed in 3ms
225 timing idealTree:node_modules/mime-db Completed in 0ms
226 silly fetch manifest @aws-sdk/credential-providers@^3.188.0
227 http fetch GET 200 https://registry.npmjs.org/@aws-sdk%2fcredential-providers 937ms (cache updated)
228 silly fetch manifest @mongodb-js/zstd@^1.1.0
229 http fetch GET 200 https://registry.npmjs.org/@mongodb-js%2fzstd 1068ms (cache revalidated)
230 silly fetch manifest gcp-metadata@^5.2.0
231 http fetch GET 200 https://registry.npmjs.org/gcp-metadata 74ms (cache revalidated)
232 silly fetch manifest kerberos@^2.0.1
233 http fetch GET 200 https://registry.npmjs.org/kerberos 479ms (cache revalidated)
234 silly fetch manifest mongodb-client-encryption@>=6.0.0 <7
235 http fetch GET 200 https://registry.npmjs.org/mongodb-client-encryption 56ms (cache revalidated)
236 silly fetch manifest snappy@^7.2.2
237 http fetch GET 200 https://registry.npmjs.org/snappy 501ms (cache revalidated)
238 silly fetch manifest socks@^2.7.1
239 http fetch GET 200 https://registry.npmjs.org/socks 80ms (cache revalidated)
240 silly placeDep ROOT bson@6.2.0 OK for: mongoose@8.0.1 want: ^6.2.0
241 silly placeDep ROOT kareem@2.5.1 OK for: mongoose@8.0.1 want: 2.5.1
242 silly placeDep ROOT mongodb@6.2.0 OK for: mongoose@8.0.1 want: 6.2.0
243 silly fetch manifest @mongodb-js/saslprep@^1.1.0
244 silly fetch manifest mongodb-connection-string-url@^2.6.0
245 silly placeDep ROOT mpath@0.9.0 OK for: mongoose@8.0.1 want: 0.9.0
246 silly placeDep ROOT mquery@5.0.0 OK for: mongoose@8.0.1 want: 5.0.0
247 silly fetch manifest debug@4.x
248 silly placeDep node_modules/mongoose ms@2.1.3 OK for: mongoose@8.0.1 want: 2.1.3
249 silly placeDep ROOT sift@16.0.1 OK for: mongoose@8.0.1 want: 16.0.1
250 http fetch GET 200 https://registry.npmjs.org/mongodb-connection-string-url 469ms (cache revalidated)
251 http fetch GET 200 https://registry.npmjs.org/@mongodb-js%2fsaslprep 1271ms (cache revalidated)
252 timing idealTree:node_modules/mongoose Completed in 4520ms
253 timing idealTree:node_modules/bson Completed in 0ms
254 timing idealTree:node_modules/kareem Completed in 0ms
255 silly placeDep ROOT @mongodb-js/saslprep@1.1.1 OK for: mongodb@6.2.0 want: ^1.1.0
256 silly fetch manifest sparse-bitfield@^3.0.3
257 silly placeDep ROOT mongodb-connection-string-url@2.6.0 OK for: mongodb@6.2.0 want: ^2.6.0
258 silly fetch manifest @types/whatwg-url@^8.2.1
259 silly fetch manifest whatwg-url@^11.0.0
260 http fetch GET 200 https://registry.npmjs.org/sparse-bitfield 87ms (cache revalidated)
261 http fetch GET 200 https://registry.npmjs.org/whatwg-url 87ms (cache revalidated)
262 http fetch GET 200 https://registry.npmjs.org/@types%2fwhatwg-url 1061ms (cache revalidated)
263 timing idealTree:node_modules/mongodb Completed in 1076ms
264 silly placeDep ROOT sparse-bitfield@3.0.3 OK for: @mongodb-js/saslprep@1.1.1 want: ^3.0.3
265 silly fetch manifest memory-pager@^1.0.2
266 http fetch GET 200 https://registry.npmjs.org/memory-pager 621ms (cache revalidated)
267 timing idealTree:node_modules/@mongodb-js/saslprep Completed in 627ms
268 silly placeDep ROOT @types/whatwg-url@8.2.2 OK for: mongodb-connection-string-url@2.6.0 want: ^8.2.1
269 silly fetch manifest @types/node@*
270 silly fetch manifest @types/webidl-conversions@*
271 silly placeDep ROOT whatwg-url@11.0.0 OK for: mongodb-connection-string-url@2.6.0 want: ^11.0.0
272 silly fetch manifest tr46@^3.0.0
273 silly fetch manifest webidl-conversions@^7.0.0
274 http fetch GET 200 https://registry.npmjs.org/webidl-conversions 73ms (cache revalidated)
275 http fetch GET 200 https://registry.npmjs.org/tr46 77ms (cache revalidated)
276 http fetch GET 200 https://registry.npmjs.org/@types%2fwebidl-conversions 113ms (cache revalidated)
277 http fetch GET 200 https://registry.npmjs.org/@types%2fnode 278ms (cache updated)
278 timing idealTree:node_modules/mongodb-connection-string-url Completed in 298ms
279 silly placeDep ROOT @types/node@20.9.2 OK for: @types/whatwg-url@8.2.2 want: *
280 silly fetch manifest undici-types@~5.26.4
281 silly placeDep ROOT @types/webidl-conversions@7.0.3 OK for: @types/whatwg-url@8.2.2 want: *
282 http fetch GET 200 https://registry.npmjs.org/undici-types 36ms (cache revalidated)
283 timing idealTree:node_modules/@types/whatwg-url Completed in 38ms
284 silly placeDep ROOT undici-types@5.26.5 OK for: @types/node@20.9.2 want: ~5.26.4
285 timing idealTree:node_modules/@types/node Completed in 1ms
286 timing idealTree:node_modules/@types/webidl-conversions Completed in 0ms
287 timing idealTree:node_modules/mpath Completed in 0ms
288 silly placeDep node_modules/mquery debug@4.3.4 OK for: mquery@5.0.0 want: 4.x
289 silly fetch manifest ms@2.1.2
290 timing idealTree:node_modules/mquery Completed in 1ms
291 timing idealTree:node_modules/ms Completed in 0ms
292 timing idealTree:node_modules/negotiator Completed in 0ms
293 silly placeDep ROOT ee-first@1.1.1 OK for: on-finished@2.4.1 want: 1.1.1
294 timing idealTree:node_modules/on-finished Completed in 0ms
295 timing idealTree:node_modules/ee-first Completed in 0ms
296 timing idealTree:node_modules/parseurl Completed in 0ms
297 timing idealTree:node_modules/path-to-regexp Completed in 0ms
298 silly placeDep ROOT forwarded@0.2.0 OK for: proxy-addr@2.0.7 want: 0.2.0
299 silly placeDep ROOT ipaddr.js@1.9.1 OK for: proxy-addr@2.0.7 want: 1.9.1
300 timing idealTree:node_modules/proxy-addr Completed in 1ms
301 timing idealTree:node_modules/forwarded Completed in 0ms
302 timing idealTree:node_modules/ipaddr.js Completed in 0ms
303 silly placeDep ROOT side-channel@1.0.4 OK for: qs@6.11.0 want: ^1.0.4
304 silly fetch manifest call-bind@^1.0.0
305 silly fetch manifest get-intrinsic@^1.0.2
306 silly fetch manifest object-inspect@^1.9.0
307 http fetch GET 200 https://registry.npmjs.org/get-intrinsic 80ms (cache revalidated)
308 http fetch GET 200 https://registry.npmjs.org/object-inspect 85ms (cache revalidated)
309 http fetch GET 200 https://registry.npmjs.org/call-bind 88ms (cache revalidated)
310 timing idealTree:node_modules/qs Completed in 91ms
311 timing idealTree:node_modules/range-parser Completed in 0ms
312 timing idealTree:node_modules/raw-body Completed in 0ms
313 timing idealTree:node_modules/safe-buffer Completed in 0ms
314 timing idealTree:node_modules/safer-buffer Completed in 0ms
315 silly placeDep ROOT mime@1.6.0 OK for: send@0.18.0 want: 1.6.0
316 silly placeDep node_modules/send ms@2.1.3 OK for: send@0.18.0 want: 2.1.3
317 timing idealTree:node_modules/send Completed in 8ms
318 timing idealTree:node_modules/mime Completed in 0ms
319 timing idealTree:node_modules/serve-static Completed in 0ms
320 timing idealTree:node_modules/setprototypeof Completed in 0ms
321 silly placeDep ROOT call-bind@1.0.5 OK for: side-channel@1.0.4 want: ^1.0.0
322 silly fetch manifest function-bind@^1.1.2
323 silly fetch manifest get-intrinsic@^1.2.1
324 silly fetch manifest set-function-length@^1.1.1
325 silly placeDep ROOT get-intrinsic@1.2.2 OK for: side-channel@1.0.4 want: ^1.0.2
326 silly fetch manifest has-proto@^1.0.1
327 silly fetch manifest has-symbols@^1.0.3
328 silly fetch manifest hasown@^2.0.0
329 silly placeDep ROOT object-inspect@1.13.1 OK for: side-channel@1.0.4 want: ^1.9.0
330 http fetch GET 200 https://registry.npmjs.org/hasown 81ms (cache revalidated)
331 http fetch GET 200 https://registry.npmjs.org/set-function-length 87ms (cache revalidated)
332 http fetch GET 200 https://registry.npmjs.org/function-bind 89ms (cache revalidated)
333 http fetch GET 200 https://registry.npmjs.org/has-symbols 84ms (cache revalidated)
334 http fetch GET 200 https://registry.npmjs.org/has-proto 113ms (cache revalidated)
335 timing idealTree:node_modules/side-channel Completed in 128ms
336 silly placeDep ROOT function-bind@1.1.2 OK for: call-bind@1.0.5 want: ^1.1.2
337 silly placeDep ROOT set-function-length@1.1.1 OK for: call-bind@1.0.5 want: ^1.1.1
338 silly fetch manifest define-data-property@^1.1.1
339 silly fetch manifest gopd@^1.0.1
340 silly fetch manifest has-property-descriptors@^1.0.0
341 http fetch GET 200 https://registry.npmjs.org/define-data-property 37ms (cache revalidated)
342 http fetch GET 200 https://registry.npmjs.org/gopd 88ms (cache revalidated)
343 http fetch GET 200 https://registry.npmjs.org/has-property-descriptors 110ms (cache revalidated)
344 timing idealTree:node_modules/call-bind Completed in 130ms
345 timing idealTree:node_modules/function-bind Completed in 0ms
346 silly placeDep ROOT has-proto@1.0.1 OK for: get-intrinsic@1.2.2 want: ^1.0.1
347 silly placeDep ROOT has-symbols@1.0.3 OK for: get-intrinsic@1.2.2 want: ^1.0.3
348 silly placeDep ROOT hasown@2.0.0 OK for: get-intrinsic@1.2.2 want: ^2.0.0
349 timing idealTree:node_modules/get-intrinsic Completed in 14ms
350 timing idealTree:node_modules/has-proto Completed in 0ms
351 timing idealTree:node_modules/has-symbols Completed in 0ms
352 timing idealTree:node_modules/hasown Completed in 0ms
353 timing idealTree:node_modules/object-inspect Completed in 0ms
354 silly placeDep ROOT define-data-property@1.1.1 OK for: set-function-length@1.1.1 want: ^1.1.1
355 silly placeDep ROOT gopd@1.0.1 OK for: set-function-length@1.1.1 want: ^1.0.1
356 silly placeDep ROOT has-property-descriptors@1.0.1 OK for: set-function-length@1.1.1 want: ^1.0.0
357 timing idealTree:node_modules/set-function-length Completed in 10ms
358 timing idealTree:node_modules/define-data-property Completed in 1ms
359 timing idealTree:node_modules/gopd Completed in 0ms
360 timing idealTree:node_modules/has-property-descriptors Completed in 0ms
361 timing idealTree:node_modules/sift Completed in 0ms
362 silly placeDep ROOT memory-pager@1.5.0 OK for: sparse-bitfield@3.0.3 want: ^1.0.2
363 timing idealTree:node_modules/sparse-bitfield Completed in 3ms
364 timing idealTree:node_modules/memory-pager Completed in 0ms
365 timing idealTree:node_modules/statuses Completed in 0ms
366 timing idealTree:node_modules/toidentifier Completed in 0ms
367 silly placeDep ROOT media-typer@0.3.0 OK for: type-is@1.6.18 want: 0.3.0
368 timing idealTree:node_modules/type-is Completed in 2ms
369 timing idealTree:node_modules/media-typer Completed in 0ms
370 timing idealTree:node_modules/undici-types Completed in 0ms
371 timing idealTree:node_modules/unpipe Completed in 0ms
372 timing idealTree:node_modules/utils-merge Completed in 0ms
373 timing idealTree:node_modules/vary Completed in 0ms
374 silly placeDep ROOT tr46@3.0.0 OK for: whatwg-url@11.0.0 want: ^3.0.0
375 silly fetch manifest punycode@^2.1.1
376 silly placeDep ROOT webidl-conversions@7.0.0 OK for: whatwg-url@11.0.0 want: ^7.0.0
377 http fetch GET 200 https://registry.npmjs.org/punycode 35ms (cache revalidated)
378 timing idealTree:node_modules/whatwg-url Completed in 39ms
379 silly placeDep ROOT punycode@2.3.1 OK for: tr46@3.0.0 want: ^2.1.1
380 timing idealTree:node_modules/tr46 Completed in 2ms
381 timing idealTree:node_modules/punycode Completed in 0ms
382 timing idealTree:node_modules/webidl-conversions Completed in 0ms
383 timing idealTree:node_modules/mongoose/node_modules/ms Completed in 0ms
384 silly placeDep node_modules/mquery ms@2.1.2 OK for: debug@4.3.4 want: 2.1.2
385 timing idealTree:node_modules/mquery/node_modules/debug Completed in 1ms
386 timing idealTree:node_modules/mquery/node_modules/ms Completed in 0ms
387 timing idealTree:node_modules/send/node_modules/ms Completed in 0ms
388 timing idealTree:buildDeps Completed in 9464ms
389 timing idealTree:fixDepFlags Completed in 2ms
390 timing idealTree Completed in 9482ms
391 timing reify:loadTrees Completed in 9484ms
392 timing reify:diffTrees Completed in 4ms
393 silly reify mark retired [ '/root/logic/node_modules/@types/node' ]
394 silly reify moves {
394 silly reify   '/root/logic/node_modules/@types/node': '/root/logic/node_modules/@types/.node-KP1dc4KY'
394 silly reify }
395 timing reify:retireShallow Completed in 4ms
396 timing reify:createSparse Completed in 1ms
397 timing reify:loadBundles Completed in 0ms
398 silly audit bulk request {
398 silly audit   express: [ '4.18.2' ],
398 silly audit   mongoose: [ '8.0.1' ],
398 silly audit   accepts: [ '1.3.8' ],
398 silly audit   'array-flatten': [ '1.1.1' ],
398 silly audit   'body-parser': [ '1.20.1' ],
398 silly audit   'content-disposition': [ '0.5.4' ],
398 silly audit   'content-type': [ '1.0.5' ],
398 silly audit   cookie: [ '0.5.0' ],
398 silly audit   'cookie-signature': [ '1.0.6' ],
398 silly audit   debug: [ '2.6.9', '4.3.4' ],
398 silly audit   depd: [ '2.0.0' ],
398 silly audit   encodeurl: [ '1.0.2' ],
398 silly audit   'escape-html': [ '1.0.3' ],
398 silly audit   etag: [ '1.8.1' ],
398 silly audit   finalhandler: [ '1.2.0' ],
398 silly audit   fresh: [ '0.5.2' ],
398 silly audit   'http-errors': [ '2.0.0' ],
398 silly audit   'merge-descriptors': [ '1.0.1' ],
398 silly audit   methods: [ '1.1.2' ],
398 silly audit   'on-finished': [ '2.4.1' ],
398 silly audit   parseurl: [ '1.3.3' ],
398 silly audit   'path-to-regexp': [ '0.1.7' ],
398 silly audit   'proxy-addr': [ '2.0.7' ],
398 silly audit   qs: [ '6.11.0' ],
398 silly audit   'range-parser': [ '1.2.1' ],
398 silly audit   'safe-buffer': [ '5.2.1' ],
398 silly audit   send: [ '0.18.0' ],
398 silly audit   'serve-static': [ '1.15.0' ],
398 silly audit   setprototypeof: [ '1.2.0' ],
398 silly audit   statuses: [ '2.0.1' ],
398 silly audit   'type-is': [ '1.6.18' ],
398 silly audit   'utils-merge': [ '1.0.1' ],
398 silly audit   vary: [ '1.1.2' ],
398 silly audit   'mime-types': [ '2.1.35' ],
398 silly audit   negotiator: [ '0.6.3' ],
398 silly audit   bytes: [ '3.1.2' ],
398 silly audit   destroy: [ '1.2.0' ],
398 silly audit   'iconv-lite': [ '0.4.24' ],
398 silly audit   'raw-body': [ '2.5.1' ],
398 silly audit   unpipe: [ '1.0.0' ],
398 silly audit   ms: [ '2.0.0', '2.1.3', '2.1.2' ],
398 silly audit   inherits: [ '2.0.4' ],
398 silly audit   toidentifier: [ '1.0.1' ],
398 silly audit   'safer-buffer': [ '2.1.2' ],
398 silly audit   'mime-db': [ '1.52.0' ],
398 silly audit   bson: [ '6.2.0' ],
398 silly audit   kareem: [ '2.5.1' ],
398 silly audit   mongodb: [ '6.2.0' ],
398 silly audit   mpath: [ '0.9.0' ],
398 silly audit   mquery: [ '5.0.0' ],
398 silly audit   sift: [ '16.0.1' ],
398 silly audit   '@mongodb-js/saslprep': [ '1.1.1' ],
398 silly audit   'mongodb-connection-string-url': [ '2.6.0' ],
398 silly audit   'sparse-bitfield': [ '3.0.3' ],
398 silly audit   '@types/whatwg-url': [ '8.2.2' ],
398 silly audit   'whatwg-url': [ '11.0.0' ],
398 silly audit   '@types/node': [ '20.9.2' ],
398 silly audit   '@types/webidl-conversions': [ '7.0.3' ],
398 silly audit   'undici-types': [ '5.26.5' ],
398 silly audit   'ee-first': [ '1.1.1' ],
398 silly audit   forwarded: [ '0.2.0' ],
398 silly audit   'ipaddr.js': [ '1.9.1' ],
398 silly audit   'side-channel': [ '1.0.4' ],
398 silly audit   mime: [ '1.6.0' ],
398 silly audit   'call-bind': [ '1.0.5' ],
398 silly audit   'get-intrinsic': [ '1.2.2' ],
398 silly audit   'object-inspect': [ '1.13.1' ],
398 silly audit   'function-bind': [ '1.1.2' ],
398 silly audit   'set-function-length': [ '1.1.1' ],
398 silly audit   'has-proto': [ '1.0.1' ],
398 silly audit   'has-symbols': [ '1.0.3' ],
398 silly audit   hasown: [ '2.0.0' ],
398 silly audit   'define-data-property': [ '1.1.1' ],
398 silly audit   gopd: [ '1.0.1' ],
398 silly audit   'has-property-descriptors': [ '1.0.1' ],
398 silly audit   'memory-pager': [ '1.5.0' ],
398 silly audit   'media-typer': [ '0.3.0' ],
398 silly audit   tr46: [ '3.0.0' ],
398 silly audit   'webidl-conversions': [ '7.0.0' ],
398 silly audit   punycode: [ '2.3.1' ]
398 silly audit }
399 silly tarball no local data for @types/node@https://registry.npmjs.org/@types/node/-/node-20.9.2.tgz. Extracting by manifest.
400 http fetch GET 200 https://registry.npmjs.org/@types/node/-/node-20.9.2.tgz 236ms (cache miss)
401 timing reifyNode:node_modules/@types/node Completed in 244ms
402 timing reify:unpack Completed in 245ms
403 timing reify:unretire Completed in 0ms
404 timing build:queue Completed in 1ms
405 timing build:deps Completed in 1ms
406 timing build Completed in 1ms
407 timing reify:build Completed in 1ms
408 timing reify:trash Completed in 11ms
409 timing reify:save Completed in 17ms
410 http fetch POST 200 https://registry.npmjs.org/-/npm/v1/security/advisories/bulk 397ms
411 timing auditReport:getReport Completed in 401ms
412 silly audit report {}
413 timing auditReport:init Completed in 0ms
414 timing reify:audit Completed in 403ms
415 timing reify Completed in 9909ms
416 silly CHANGE node_modules/@types/node
417 timing command:update Completed in 9925ms
418 verbose exit 0
419 timing npm Completed in 10119ms
420 info ok
